[2026-01-24 12:13:58] staging.INFO: TikTok scrape command {"cmd":"cd E:\\Egyetem\\Pannon Egyetem dolgok\\Pen_app_backend\\public && python3 scrape_tiktok.py pannonegyetem 2>&1","output_length":2560} 
[2026-01-24 12:16:01] staging.INFO: TikTok scrape command {"cmd":"cd E:\\Egyetem\\Pannon Egyetem dolgok\\Pen_app_backend\\public && python3 scrape_tiktok.py pannonegyetem 2>&1","output_length":2560} 
[2026-01-24 12:16:22] staging.INFO: TikTok scrape command {"cmd":"cd E:\\Egyetem\\Pannon Egyetem dolgok\\Pen_app_backend\\public && python3 scrape_tiktok.py pannonegyetem 2>&1","output_length":2560} 
[2026-01-24 14:40:36] staging.ERROR: foreach() argument must be of type array|object, null given {"exception":"[object] (ErrorException(code: 0): foreach() argument must be of type array|object, null given at E:/Egyetem/Pannon Egyetem dolgok/Pen_app_backend/app/Http/Controllers/TiktokController.php:31)
[stacktrace]
#0 E:/Egyetem/Pannon Egyetem dolgok/Pen_app_backend/vendor/laravel/framework/src/Illuminate/Foundation/Bootstrap/HandleExceptions.php(258): Illuminate/Foundation/Bootstrap/HandleExceptions->handleError(2, 'foreach() argum...', 'E://Egyetem//Pann...', 31)
#1 E:/Egyetem/Pannon Egyetem dolgok/Pen_app_backend/app/Http/Controllers/TiktokController.php(31): Illuminate/Foundation/Bootstrap/HandleExceptions->Illuminate/Foundation/Bootstrap/{closure}(2, 'foreach() argum...', 'E://Egyetem//Pann...', 31)
#2 E:/Egyetem/Pannon Egyetem dolgok/Pen_app_backend/vendor/laravel/framework/src/Illuminate/Routing/ControllerDispatcher.php(47): App/Http/Controllers/TiktokController->store(Object(Illuminate/Http/Request))
#3 E:/Egyetem/Pannon Egyetem dolgok/Pen_app_backend/vendor/laravel/framework/src/Illuminate/Routing/Route.php(266): Illuminate/Routing/ControllerDispatcher->dispatch(Object(Illuminate/Routing/Route), Object(App/Http/Controllers/TiktokController), 'store')
#4 E:/Egyetem/Pannon Egyetem dolgok/Pen_app_backend/vendor/laravel/framework/src/Illuminate/Routing/Route.php(212): Illuminate/Routing/Route->runController()
#5 E:/Egyetem/Pannon Egyetem dolgok/Pen_app_backend/vendor/laravel/framework/src/Illuminate/Routing/Router.php(808): Illuminate/Routing/Route->run()
#6 E:/Egyetem/Pannon Egyetem dolgok/Pen_app_backend/vendor/laravel/framework/src/Illuminate/Pipeline/Pipeline.php(170): Illuminate/Routing/Router->Illuminate/Routing/{closure}(Object(Illuminate/Http/Request))
#7 E:/Egyetem/Pannon Egyetem dolgok/Pen_app_backend/vendor/laravel/framework/src/Illuminate/Routing/Middleware/SubstituteBindings.php(51): Illuminate/Pipeline/Pipeline->Illuminate/Pipeline/{closure}(Object(Illuminate/Http/Request))
#8 E:/Egyetem/Pannon Egyetem dolgok/Pen_app_backend/vendor/laravel/framework/src/Illuminate/Pipeline/Pipeline.php(209): Illuminate/Routing/Middleware/SubstituteBindings->handle(Object(Illuminate/Http/Request), Object(Closure))
#9 E:/Egyetem/Pannon Egyetem dolgok/Pen_app_backend/vendor/laravel/framework/src/Illuminate/Foundation/Http/Middleware/VerifyCsrfToken.php(88): Illuminate/Pipeline/Pipeline->Illuminate/Pipeline/{closure}(Object(Illuminate/Http/Request))
#10 E:/Egyetem/Pannon Egyetem dolgok/Pen_app_backend/vendor/laravel/framework/src/Illuminate/Pipeline/Pipeline.php(209): Illuminate/Foundation/Http/Middleware/VerifyCsrfToken->handle(Object(Illuminate/Http/Request), Object(Closure))
#11 E:/Egyetem/Pannon Egyetem dolgok/Pen_app_backend/vendor/laravel/framework/src/Illuminate/View/Middleware/ShareErrorsFromSession.php(49): Illuminate/Pipeline/Pipeline->Illuminate/Pipeline/{closure}(Object(Illuminate/Http/Request))
#12 E:/Egyetem/Pannon Egyetem dolgok/Pen_app_backend/vendor/laravel/framework/src/Illuminate/Pipeline/Pipeline.php(209): Illuminate/View/Middleware/ShareErrorsFromSession->handle(Object(Illuminate/Http/Request), Object(Closure))
#13 E:/Egyetem/Pannon Egyetem dolgok/Pen_app_backend/vendor/laravel/framework/src/Illuminate/Session/Middleware/StartSession.php(121): Illuminate/Pipeline/Pipeline->Illuminate/Pipeline/{closure}(Object(Illuminate/Http/Request))
#14 E:/Egyetem/Pannon Egyetem dolgok/Pen_app_backend/vendor/laravel/framework/src/Illuminate/Session/Middleware/StartSession.php(64): Illuminate/Session/Middleware/StartSession->handleStatefulRequest(Object(Illuminate/Http/Request), Object(Illuminate/Session/Store), Object(Closure))
#15 E:/Egyetem/Pannon Egyetem dolgok/Pen_app_backend/vendor/laravel/framework/src/Illuminate/Pipeline/Pipeline.php(209): Illuminate/Session/Middleware/StartSession->handle(Object(Illuminate/Http/Request), Object(Closure))
#16 E:/Egyetem/Pannon Egyetem dolgok/Pen_app_backend/vendor/laravel/framework/src/Illuminate/Cookie/Middleware/AddQueuedCookiesToResponse.php(37): Illuminate/Pipeline/Pipeline->Illuminate/Pipeline/{closure}(Object(Illuminate/Http/Request))
#17 E:/Egyetem/Pannon Egyetem dolgok/Pen_app_backend/vendor/laravel/framework/src/Illuminate/Pipeline/Pipeline.php(209): Illuminate/Cookie/Middleware/AddQueuedCookiesToResponse->handle(Object(Illuminate/Http/Request), Object(Closure))
#18 E:/Egyetem/Pannon Egyetem dolgok/Pen_app_backend/vendor/laravel/framework/src/Illuminate/Cookie/Middleware/EncryptCookies.php(75): Illuminate/Pipeline/Pipeline->Illuminate/Pipeline/{closure}(Object(Illuminate/Http/Request))
#19 E:/Egyetem/Pannon Egyetem dolgok/Pen_app_backend/vendor/laravel/framework/src/Illuminate/Pipeline/Pipeline.php(209): Illuminate/Cookie/Middleware/EncryptCookies->handle(Object(Illuminate/Http/Request), Object(Closure))
#20 E:/Egyetem/Pannon Egyetem dolgok/Pen_app_backend/vendor/laravel/framework/src/Illuminate/Pipeline/Pipeline.php(127): Illuminate/Pipeline/Pipeline->Illuminate/Pipeline/{closure}(Object(Illuminate/Http/Request))
#21 E:/Egyetem/Pannon Egyetem dolgok/Pen_app_backend/vendor/laravel/framework/src/Illuminate/Routing/Router.php(807): Illuminate/Pipeline/Pipeline->then(Object(Closure))
#22 E:/Egyetem/Pannon Egyetem dolgok/Pen_app_backend/vendor/laravel/framework/src/Illuminate/Routing/Router.php(786): Illuminate/Routing/Router->runRouteWithinStack(Object(Illuminate/Routing/Route), Object(Illuminate/Http/Request))
#23 E:/Egyetem/Pannon Egyetem dolgok/Pen_app_backend/vendor/laravel/framework/src/Illuminate/Routing/Router.php(750): Illuminate/Routing/Router->runRoute(Object(Illuminate/Http/Request), Object(Illuminate/Routing/Route))
#24 E:/Egyetem/Pannon Egyetem dolgok/Pen_app_backend/vendor/laravel/framework/src/Illuminate/Routing/Router.php(739): Illuminate/Routing/Router->dispatchToRoute(Object(Illuminate/Http/Request))
#25 E:/Egyetem/Pannon Egyetem dolgok/Pen_app_backend/vendor/laravel/framework/src/Illuminate/Foundation/Http/Kernel.php(201): Illuminate/Routing/Router->dispatch(Object(Illuminate/Http/Request))
#26 E:/Egyetem/Pannon Egyetem dolgok/Pen_app_backend/vendor/laravel/framework/src/Illuminate/Pipeline/Pipeline.php(170): Illuminate/Foundation/Http/Kernel->Illuminate/Foundation/Http/{closure}(Object(Illuminate/Http/Request))
#27 E:/Egyetem/Pannon Egyetem dolgok/Pen_app_backend/vendor/laravel/framework/src/Illuminate/Http/Middleware/TrustProxies.php(58): Illuminate/Pipeline/Pipeline->Illuminate/Pipeline/{closure}(Object(Illuminate/Http/Request))
#28 E:/Egyetem/Pannon Egyetem dolgok/Pen_app_backend/vendor/laravel/framework/src/Illuminate/Pipeline/Pipeline.php(209): Illuminate/Http/Middleware/TrustProxies->handle(Object(Illuminate/Http/Request), Object(Closure))
#29 E:/Egyetem/Pannon Egyetem dolgok/Pen_app_backend/vendor/laravel/framework/src/Illuminate/Foundation/Http/Middleware/TransformsRequest.php(21): Illuminate/Pipeline/Pipeline->Illuminate/Pipeline/{closure}(Object(Illuminate/Http/Request))
#30 E:/Egyetem/Pannon Egyetem dolgok/Pen_app_backend/vendor/laravel/framework/src/Illuminate/Foundation/Http/Middleware/ConvertEmptyStringsToNull.php(31): Illuminate/Foundation/Http/Middleware/TransformsRequest->handle(Object(Illuminate/Http/Request), Object(Closure))
#31 E:/Egyetem/Pannon Egyetem dolgok/Pen_app_backend/vendor/laravel/framework/src/Illuminate/Pipeline/Pipeline.php(209): Illuminate/Foundation/Http/Middleware/ConvertEmptyStringsToNull->handle(Object(Illuminate/Http/Request), Object(Closure))
#32 E:/Egyetem/Pannon Egyetem dolgok/Pen_app_backend/vendor/laravel/framework/src/Illuminate/Foundation/Http/Middleware/TransformsRequest.php(21): Illuminate/Pipeline/Pipeline->Illuminate/Pipeline/{closure}(Object(Illuminate/Http/Request))
#33 E:/Egyetem/Pannon Egyetem dolgok/Pen_app_backend/vendor/laravel/framework/src/Illuminate/Foundation/Http/Middleware/TrimStrings.php(51): Illuminate/Foundation/Http/Middleware/TransformsRequest->handle(Object(Illuminate/Http/Request), Object(Closure))
#34 E:/Egyetem/Pannon Egyetem dolgok/Pen_app_backend/vendor/laravel/framework/src/Illuminate/Pipeline/Pipeline.php(209): Illuminate/Foundation/Http/Middleware/TrimStrings->handle(Object(Illuminate/Http/Request), Object(Closure))
#35 E:/Egyetem/Pannon Egyetem dolgok/Pen_app_backend/vendor/laravel/framework/src/Illuminate/Http/Middleware/ValidatePostSize.php(27): Illuminate/Pipeline/Pipeline->Illuminate/Pipeline/{closure}(Object(Illuminate/Http/Request))
#36 E:/Egyetem/Pannon Egyetem dolgok/Pen_app_backend/vendor/laravel/framework/src/Illuminate/Pipeline/Pipeline.php(209): Illuminate/Http/Middleware/ValidatePostSize->handle(Object(Illuminate/Http/Request), Object(Closure))
#37 E:/Egyetem/Pannon Egyetem dolgok/Pen_app_backend/vendor/laravel/framework/src/Illuminate/Foundation/Http/Middleware/PreventRequestsDuringMaintenance.php(110): Illuminate/Pipeline/Pipeline->Illuminate/Pipeline/{closure}(Object(Illuminate/Http/Request))
#38 E:/Egyetem/Pannon Egyetem dolgok/Pen_app_backend/vendor/laravel/framework/src/Illuminate/Pipeline/Pipeline.php(209): Illuminate/Foundation/Http/Middleware/PreventRequestsDuringMaintenance->handle(Object(Illuminate/Http/Request), Object(Closure))
#39 E:/Egyetem/Pannon Egyetem dolgok/Pen_app_backend/vendor/laravel/framework/src/Illuminate/Pipeline/Pipeline.php(127): Illuminate/Pipeline/Pipeline->Illuminate/Pipeline/{closure}(Object(Illuminate/Http/Request))
#40 E:/Egyetem/Pannon Egyetem dolgok/Pen_app_backend/vendor/laravel/framework/src/Illuminate/Foundation/Http/Kernel.php(176): Illuminate/Pipeline/Pipeline->then(Object(Closure))
#41 E:/Egyetem/Pannon Egyetem dolgok/Pen_app_backend/vendor/laravel/framework/src/Illuminate/Foundation/Http/Kernel.php(145): Illuminate/Foundation/Http/Kernel->sendRequestThroughRouter(Object(Illuminate/Http/Request))
#42 E:/Egyetem/Pannon Egyetem dolgok/Pen_app_backend/public/index.php(54): Illuminate/Foundation/Http/Kernel->handle(Object(Illuminate/Http/Request))
#43 E:/Egyetem/Pannon Egyetem dolgok/Pen_app_backend/server.php(21): require_once('E://Egyetem//Pann...')
#44 {main}
"} 
[2026-01-24 14:51:51] staging.INFO: TikTok scrape started: pannonegyetem  
[2026-01-24 14:51:52] staging.INFO: Scrape done: 0.25s {"exit_code":1} 
[2026-01-24 14:51:52] staging.ERROR: Scraper failed {"error":"ERROR: Invalid syntax. Default option is not allowed more than '1' time(s).

Type \"TIMEOUT /?\" for usage.

"} 
[2026-01-24 15:34:24] staging.ERROR: Python script failed: 'python3' is not recognized as an internal or external command,
operable program or batch file.
  
[2026-01-24 15:34:27] staging.ERROR: Python script failed: 'python3' is not recognized as an internal or external command,
operable program or batch file.
  
[2026-01-24 15:34:32] staging.ERROR: Python script failed: 'python3' is not recognized as an internal or external command,
operable program or batch file.
  
[2026-01-24 15:35:16] staging.ERROR: Python script failed: 'python3' is not recognized as an internal or external command,
operable program or batch file.
  
[2026-01-24 16:13:09] staging.INFO: Python script executed {"exit_code":1,"output_length":0,"error_length":236} 
[2026-01-24 16:15:30] staging.INFO: Python script executed {"exit_code":1,"output_length":0,"error_length":236} 
[2026-01-24 16:35:40] staging.INFO: Python output: Attempt 1/3
Loading TikTok page...
Found 2 videos
[
  {
    "title": "Csak a Pannon!! 😇 #csakapannon #fyp #pannon  created by Pannon Egyetem with Generator’s original sound",
    "url": "https://www.tiktok.com/@pannonegyetem/video/7598133276884110614",
    "image_url": "https://p19-pu-sign-no.tiktokcdn-eu.com/tos-no1a-p-0037-no/ocA9Y5weGlIWHQWiKpGHqvLfAfNxAApQvyeAgR~tplv-tiktokx-origin.image?dr=10395&x-expires=1769439600&x-signature=LcMvDnbntbGOpfbx5iA60fL0piw%3D&t=4d5b0474&ps=13740610&shp=  
[2026-01-24 16:35:40] staging.INFO: Saved new video: https://www.tiktok.com/@pannonegyetem/video/7598133276884110614  
[2026-01-24 16:35:40] staging.INFO: Saved new video: https://www.tiktok.com/@pannonegyetem/video/7597351053897633046  
[2026-01-24 16:36:01] staging.INFO: Python output: Attempt 1/3
Loading TikTok page...
Found 2 videos
[
  {
    "title": "Csak a Pannon!! 😇 #csakapannon #fyp #pannon  created by Pannon Egyetem with Generator’s original sound",
    "url": "https://www.tiktok.com/@pannonegyetem/video/7598133276884110614",
    "image_url": "https://p19-pu-sign-no.tiktokcdn-eu.com/tos-no1a-p-0037-no/ocA9Y5weGlIWHQWiKpGHqvLfAfNxAApQvyeAgR~tplv-tiktokx-origin.image?dr=10395&x-expires=1769439600&x-signature=LcMvDnbntbGOpfbx5iA60fL0piw%3D&t=4d5b0474&ps=13740610&shp=  
[2026-01-24 16:36:01] staging.INFO: Duplicate skipped: https://www.tiktok.com/@pannonegyetem/video/7598133276884110614  
[2026-01-24 16:36:01] staging.INFO: Duplicate skipped: https://www.tiktok.com/@pannonegyetem/video/7597351053897633046  
[2026-01-24 16:36:22] staging.INFO: Python output: Attempt 1/3
Loading TikTok page...
Found 2 videos
[
  {
    "title": "Csak a Pannon!! 😇 #csakapannon #fyp #pannon  created by Pannon Egyetem with Generator’s original sound",
    "url": "https://www.tiktok.com/@pannonegyetem/video/7598133276884110614",
    "image_url": "https://p19-pu-sign-no.tiktokcdn-eu.com/tos-no1a-p-0037-no/ocA9Y5weGlIWHQWiKpGHqvLfAfNxAApQvyeAgR~tplv-tiktokx-origin.image?dr=10395&x-expires=1769439600&x-signature=LcMvDnbntbGOpfbx5iA60fL0piw%3D&t=4d5b0474&ps=13740610&shp=  
[2026-01-24 16:36:22] staging.INFO: Duplicate skipped: https://www.tiktok.com/@pannonegyetem/video/7598133276884110614  
[2026-01-24 16:36:22] staging.INFO: Duplicate skipped: https://www.tiktok.com/@pannonegyetem/video/7597351053897633046  
