[2026-01-06 17:06:24] staging.ERROR: SQLSTATE[HY000] [2002] No connection could be made because the target machine actively refused it (Connection: mysql, SQL: select * from `sessions` where `id` = 1sa7ztYq9cRAGrZN2mRMkmftSveAvHOitmAHJMOR limit 1) {"exception":"[object] (Illuminate\\Database\\QueryException(code: 2002): SQLSTATE[HY000] [2002] No connection could be made because the target machine actively refused it (Connection: mysql, SQL: select * from `sessions` where `id` = 1sa7ztYq9cRAGrZN2mRMkmftSveAvHOitmAHJMOR limit 1) at E:\\Egyetem\\Pannon Egyetem dolgok\\Pen_app_backend\\vendor\\laravel\\framework\\src\\Illuminate\\Database\\Connection.php:825)
[stacktrace]
#0 E:\\Egyetem\\Pannon Egyetem dolgok\\Pen_app_backend\\vendor\\laravel\\framework\\src\\Illuminate\\Database\\Connection.php(979): Illuminate\\Database\\Connection->runQueryCallback('select * from `...', Array, Object(Closure))
#1 E:\\Egyetem\\Pannon Egyetem dolgok\\Pen_app_backend\\vendor\\laravel\\framework\\src\\Illuminate\\Database\\Connection.php(958): Illuminate\\Database\\Connection->tryAgainIfCausedByLostConnection(Object(Illuminate\\Database\\QueryException), 'select * from `...', Array, Object(Closure))
#2 E:\\Egyetem\\Pannon Egyetem dolgok\\Pen_app_backend\\vendor\\laravel\\framework\\src\\Illuminate\\Database\\Connection.php(781): Illuminate\\Database\\Connection->handleQueryException(Object(Illuminate\\Database\\QueryException), 'select * from `...', Array, Object(Closure))
#3 E:\\Egyetem\\Pannon Egyetem dolgok\\Pen_app_backend\\vendor\\laravel\\framework\\src\\Illuminate\\Database\\Connection.php(398): Illuminate\\Database\\Connection->run('select * from `...', Array, Object(Closure))
#4 E:\\Egyetem\\Pannon Egyetem dolgok\\Pen_app_backend\\vendor\\laravel\\framework\\src\\Illuminate\\Database\\Query\\Builder.php(3106): Illuminate\\Database\\Connection->select('select * from `...', Array, false)
#5 E:\\Egyetem\\Pannon Egyetem dolgok\\Pen_app_backend\\vendor\\laravel\\framework\\src\\Illuminate\\Database\\Query\\Builder.php(3091): Illuminate\\Database\\Query\\Builder->runSelect()
#6 E:\\Egyetem\\Pannon Egyetem dolgok\\Pen_app_backend\\vendor\\laravel\\framework\\src\\Illuminate\\Database\\Query\\Builder.php(3676): Illuminate\\Database\\Query\\Builder->Illuminate\\Database\\Query\\{closure}()
#7 E:\\Egyetem\\Pannon Egyetem dolgok\\Pen_app_backend\\vendor\\laravel\\framework\\src\\Illuminate\\Database\\Query\\Builder.php(3090): Illuminate\\Database\\Query\\Builder->onceWithColumns(Array, Object(Closure))
#8 E:\\Egyetem\\Pannon Egyetem dolgok\\Pen_app_backend\\vendor\\laravel\\framework\\src\\Illuminate\\Database\\Concerns\\BuildsQueries.php(343): Illuminate\\Database\\Query\\Builder->get(Array)
#9 E:\\Egyetem\\Pannon Egyetem dolgok\\Pen_app_backend\\vendor\\laravel\\framework\\src\\Illuminate\\Database\\Query\\Builder.php(3013): Illuminate\\Database\\Query\\Builder->first(Array)
#10 E:\\Egyetem\\Pannon Egyetem dolgok\\Pen_app_backend\\vendor\\laravel\\framework\\src\\Illuminate\\Session\\DatabaseSessionHandler.php(97): Illuminate\\Database\\Query\\Builder->find('1sa7ztYq9cRAGrZ...')
#11 E:\\Egyetem\\Pannon Egyetem dolgok\\Pen_app_backend\\vendor\\laravel\\framework\\src\\Illuminate\\Session\\Store.php(117): Illuminate\\Session\\DatabaseSessionHandler->read('1sa7ztYq9cRAGrZ...')
#12 E:\\Egyetem\\Pannon Egyetem dolgok\\Pen_app_backend\\vendor\\laravel\\framework\\src\\Illuminate\\Session\\Store.php(105): Illuminate\\Session\\Store->readFromHandler()
#13 E:\\Egyetem\\Pannon Egyetem dolgok\\Pen_app_backend\\vendor\\laravel\\framework\\src\\Illuminate\\Session\\Store.php(89): Illuminate\\Session\\Store->loadSession()
#14 E:\\Egyetem\\Pannon Egyetem dolgok\\Pen_app_backend\\vendor\\laravel\\framework\\src\\Illuminate\\Session\\Middleware\\StartSession.php(147): Illuminate\\Session\\Store->start()
#15 E:\\Egyetem\\Pannon Egyetem dolgok\\Pen_app_backend\\vendor\\laravel\\framework\\src\\Illuminate\\Support\\helpers.php(399): Illuminate\\Session\\Middleware\\StartSession->Illuminate\\Session\\Middleware\\{closure}(Object(Illuminate\\Session\\Store))
#16 E:\\Egyetem\\Pannon Egyetem dolgok\\Pen_app_backend\\vendor\\laravel\\framework\\src\\Illuminate\\Session\\Middleware\\StartSession.php(144): tap(Object(Illuminate\\Session\\Store), Object(Closure))
#17 E:\\Egyetem\\Pannon Egyetem dolgok\\Pen_app_backend\\vendor\\laravel\\framework\\src\\Illuminate\\Session\\Middleware\\StartSession.php(116): Illuminate\\Session\\Middleware\\StartSession->startSession(Object(Illuminate\\Http\\Request), Object(Illuminate\\Session\\Store))
#18 E:\\Egyetem\\Pannon Egyetem dolgok\\Pen_app_backend\\vendor\\laravel\\framework\\src\\Illuminate\\Session\\Middleware\\StartSession.php(64): Illuminate\\Session\\Middleware\\StartSession->handleStatefulRequest(Object(Illuminate\\Http\\Request), Object(Illuminate\\Session\\Store), Object(Closure))
#19 E:\\Egyetem\\Pannon Egyetem dolgok\\Pen_app_backend\\vendor\\laravel\\framework\\src\\Illuminate\\Pipeline\\Pipeline.php(209): Illuminate\\Session\\Middleware\\StartSession->handle(Object(Illuminate\\Http\\Request), Object(Closure))
#20 E:\\Egyetem\\Pannon Egyetem dolgok\\Pen_app_backend\\vendor\\laravel\\framework\\src\\Illuminate\\Cookie\\Middleware\\AddQueuedCookiesToResponse.php(37): Illuminate\\Pipeline\\Pipeline->Illuminate\\Pipeline\\{closure}(Object(Illuminate\\Http\\Request))
#21 E:\\Egyetem\\Pannon Egyetem dolgok\\Pen_app_backend\\vendor\\laravel\\framework\\src\\Illuminate\\Pipeline\\Pipeline.php(209): Illuminate\\Cookie\\Middleware\\AddQueuedCookiesToResponse->handle(Object(Illuminate\\Http\\Request), Object(Closure))
#22 E:\\Egyetem\\Pannon Egyetem dolgok\\Pen_app_backend\\vendor\\laravel\\framework\\src\\Illuminate\\Cookie\\Middleware\\EncryptCookies.php(75): Illuminate\\Pipeline\\Pipeline->Illuminate\\Pipeline\\{closure}(Object(Illuminate\\Http\\Request))
#23 E:\\Egyetem\\Pannon Egyetem dolgok\\Pen_app_backend\\vendor\\laravel\\framework\\src\\Illuminate\\Pipeline\\Pipeline.php(209): Illuminate\\Cookie\\Middleware\\EncryptCookies->handle(Object(Illuminate\\Http\\Request), Object(Closure))
#24 E:\\Egyetem\\Pannon Egyetem dolgok\\Pen_app_backend\\vendor\\laravel\\framework\\src\\Illuminate\\Pipeline\\Pipeline.php(127): Illuminate\\Pipeline\\Pipeline->Illuminate\\Pipeline\\{closure}(Object(Illuminate\\Http\\Request))
#25 E:\\Egyetem\\Pannon Egyetem dolgok\\Pen_app_backend\\vendor\\laravel\\framework\\src\\Illuminate\\Routing\\Router.php(807): Illuminate\\Pipeline\\Pipeline->then(Object(Closure))
#26 E:\\Egyetem\\Pannon Egyetem dolgok\\Pen_app_backend\\vendor\\laravel\\framework\\src\\Illuminate\\Routing\\Router.php(786): Illuminate\\Routing\\Router->runRouteWithinStack(Object(Illuminate\\Routing\\Route), Object(Illuminate\\Http\\Request))
#27 E:\\Egyetem\\Pannon Egyetem dolgok\\Pen_app_backend\\vendor\\laravel\\framework\\src\\Illuminate\\Routing\\Router.php(750): Illuminate\\Routing\\Router->runRoute(Object(Illuminate\\Http\\Request), Object(Illuminate\\Routing\\Route))
#28 E:\\Egyetem\\Pannon Egyetem dolgok\\Pen_app_backend\\vendor\\laravel\\framework\\src\\Illuminate\\Routing\\Router.php(739): Illuminate\\Routing\\Router->dispatchToRoute(Object(Illuminate\\Http\\Request))
#29 E:\\Egyetem\\Pannon Egyetem dolgok\\Pen_app_backend\\vendor\\laravel\\framework\\src\\Illuminate\\Foundation\\Http\\Kernel.php(201): Illuminate\\Routing\\Router->dispatch(Object(Illuminate\\Http\\Request))
#30 E:\\Egyetem\\Pannon Egyetem dolgok\\Pen_app_backend\\vendor\\laravel\\framework\\src\\Illuminate\\Pipeline\\Pipeline.php(170): Illuminate\\Foundation\\Http\\Kernel->Illuminate\\Foundation\\Http\\{closure}(Object(Illuminate\\Http\\Request))
#31 E:\\Egyetem\\Pannon Egyetem dolgok\\Pen_app_backend\\vendor\\laravel\\framework\\src\\Illuminate\\Http\\Middleware\\TrustProxies.php(58): Illuminate\\Pipeline\\Pipeline->Illuminate\\Pipeline\\{closure}(Object(Illuminate\\Http\\Request))
#32 E:\\Egyetem\\Pannon Egyetem dolgok\\Pen_app_backend\\vendor\\laravel\\framework\\src\\Illuminate\\Pipeline\\Pipeline.php(209): Illuminate\\Http\\Middleware\\TrustProxies->handle(Object(Illuminate\\Http\\Request), Object(Closure))
#33 E:\\Egyetem\\Pannon Egyetem dolgok\\Pen_app_backend\\vendor\\laravel\\framework\\src\\Illuminate\\Foundation\\Http\\Middleware\\TransformsRequest.php(21): Illuminate\\Pipeline\\Pipeline->Illuminate\\Pipeline\\{closure}(Object(Illuminate\\Http\\Request))
#34 E:\\Egyetem\\Pannon Egyetem dolgok\\Pen_app_backend\\vendor\\laravel\\framework\\src\\Illuminate\\Foundation\\Http\\Middleware\\ConvertEmptyStringsToNull.php(31): Illuminate\\Foundation\\Http\\Middleware\\TransformsRequest->handle(Object(Illuminate\\Http\\Request), Object(Closure))
#35 E:\\Egyetem\\Pannon Egyetem dolgok\\Pen_app_backend\\vendor\\laravel\\framework\\src\\Illuminate\\Pipeline\\Pipeline.php(209): Illuminate\\Foundation\\Http\\Middleware\\ConvertEmptyStringsToNull->handle(Object(Illuminate\\Http\\Request), Object(Closure))
#36 E:\\Egyetem\\Pannon Egyetem dolgok\\Pen_app_backend\\vendor\\laravel\\framework\\src\\Illuminate\\Foundation\\Http\\Middleware\\TransformsRequest.php(21): Illuminate\\Pipeline\\Pipeline->Illuminate\\Pipeline\\{closure}(Object(Illuminate\\Http\\Request))
#37 E:\\Egyetem\\Pannon Egyetem dolgok\\Pen_app_backend\\vendor\\laravel\\framework\\src\\Illuminate\\Foundation\\Http\\Middleware\\TrimStrings.php(51): Illuminate\\Foundation\\Http\\Middleware\\TransformsRequest->handle(Object(Illuminate\\Http\\Request), Object(Closure))
#38 E:\\Egyetem\\Pannon Egyetem dolgok\\Pen_app_backend\\vendor\\laravel\\framework\\src\\Illuminate\\Pipeline\\Pipeline.php(209): Illuminate\\Foundation\\Http\\Middleware\\TrimStrings->handle(Object(Illuminate\\Http\\Request), Object(Closure))
#39 E:\\Egyetem\\Pannon Egyetem dolgok\\Pen_app_backend\\vendor\\laravel\\framework\\src\\Illuminate\\Http\\Middleware\\ValidatePostSize.php(27): Illuminate\\Pipeline\\Pipeline->Illuminate\\Pipeline\\{closure}(Object(Illuminate\\Http\\Request))
#40 E:\\Egyetem\\Pannon Egyetem dolgok\\Pen_app_backend\\vendor\\laravel\\framework\\src\\Illuminate\\Pipeline\\Pipeline.php(209): Illuminate\\Http\\Middleware\\ValidatePostSize->handle(Object(Illuminate\\Http\\Request), Object(Closure))
#41 E:\\Egyetem\\Pannon Egyetem dolgok\\Pen_app_backend\\vendor\\laravel\\framework\\src\\Illuminate\\Foundation\\Http\\Middleware\\PreventRequestsDuringMaintenance.php(110): Illuminate\\Pipeline\\Pipeline->Illuminate\\Pipeline\\{closure}(Object(Illuminate\\Http\\Request))
#42 E:\\Egyetem\\Pannon Egyetem dolgok\\Pen_app_backend\\vendor\\laravel\\framework\\src\\Illuminate\\Pipeline\\Pipeline.php(209): Illuminate\\Foundation\\Http\\Middleware\\PreventRequestsDuringMaintenance->handle(Object(Illuminate\\Http\\Request), Object(Closure))
#43 E:\\Egyetem\\Pannon Egyetem dolgok\\Pen_app_backend\\vendor\\laravel\\framework\\src\\Illuminate\\Pipeline\\Pipeline.php(127): Illuminate\\Pipeline\\Pipeline->Illuminate\\Pipeline\\{closure}(Object(Illuminate\\Http\\Request))
#44 E:\\Egyetem\\Pannon Egyetem dolgok\\Pen_app_backend\\vendor\\laravel\\framework\\src\\Illuminate\\Foundation\\Http\\Kernel.php(176): Illuminate\\Pipeline\\Pipeline->then(Object(Closure))
#45 E:\\Egyetem\\Pannon Egyetem dolgok\\Pen_app_backend\\vendor\\laravel\\framework\\src\\Illuminate\\Foundation\\Http\\Kernel.php(145): Illuminate\\Foundation\\Http\\Kernel->sendRequestThroughRouter(Object(Illuminate\\Http\\Request))
#46 E:\\Egyetem\\Pannon Egyetem dolgok\\Pen_app_backend\\public\\index.php(54): Illuminate\\Foundation\\Http\\Kernel->handle(Object(Illuminate\\Http\\Request))
#47 E:\\Egyetem\\Pannon Egyetem dolgok\\Pen_app_backend\\server.php(21): require_once('E:\\\\Egyetem\\\\Pann...')
#48 {main}

[previous exception] [object] (PDOException(code: 2002): SQLSTATE[HY000] [2002] No connection could be made because the target machine actively refused it at E:\\Egyetem\\Pannon Egyetem dolgok\\Pen_app_backend\\vendor\\laravel\\framework\\src\\Illuminate\\Database\\Connectors\\Connector.php:66)
[stacktrace]
#0 E:\\Egyetem\\Pannon Egyetem dolgok\\Pen_app_backend\\vendor\\laravel\\framework\\src\\Illuminate\\Database\\Connectors\\Connector.php(66): PDO->__construct('mysql:host=127....', 'root', Object(SensitiveParameterValue), Array)
#1 E:\\Egyetem\\Pannon Egyetem dolgok\\Pen_app_backend\\vendor\\laravel\\framework\\src\\Illuminate\\Database\\Connectors\\Connector.php(85): Illuminate\\Database\\Connectors\\Connector->createPdoConnection('mysql:host=127....', 'root', Object(SensitiveParameterValue), Array)
#2 E:\\Egyetem\\Pannon Egyetem dolgok\\Pen_app_backend\\vendor\\laravel\\framework\\src\\Illuminate\\Database\\Connectors\\Connector.php(48): Illuminate\\Database\\Connectors\\Connector->tryAgainIfCausedByLostConnection(Object(PDOException), 'mysql:host=127....', 'root', Object(SensitiveParameterValue), Array)
#3 E:\\Egyetem\\Pannon Egyetem dolgok\\Pen_app_backend\\vendor\\laravel\\framework\\src\\Illuminate\\Database\\Connectors\\MySqlConnector.php(24): Illuminate\\Database\\Connectors\\Connector->createConnection('mysql:host=127....', Array, Array)
#4 E:\\Egyetem\\Pannon Egyetem dolgok\\Pen_app_backend\\vendor\\laravel\\framework\\src\\Illuminate\\Database\\Connectors\\ConnectionFactory.php(185): Illuminate\\Database\\Connectors\\MySqlConnector->connect(Array)
#5 [internal function]: Illuminate\\Database\\Connectors\\ConnectionFactory->Illuminate\\Database\\Connectors\\{closure}()
#6 E:\\Egyetem\\Pannon Egyetem dolgok\\Pen_app_backend\\vendor\\laravel\\framework\\src\\Illuminate\\Database\\Connection.php(1231): call_user_func(Object(Closure))
#7 E:\\Egyetem\\Pannon Egyetem dolgok\\Pen_app_backend\\vendor\\laravel\\framework\\src\\Illuminate\\Database\\Connection.php(512): Illuminate\\Database\\Connection->getPdo()
#8 E:\\Egyetem\\Pannon Egyetem dolgok\\Pen_app_backend\\vendor\\laravel\\framework\\src\\Illuminate\\Database\\Connection.php(407): Illuminate\\Database\\Connection->getPdoForSelect(false)
#9 E:\\Egyetem\\Pannon Egyetem dolgok\\Pen_app_backend\\vendor\\laravel\\framework\\src\\Illuminate\\Database\\Connection.php(812): Illuminate\\Database\\Connection->Illuminate\\Database\\{closure}('select * from `...', Array)
#10 E:\\Egyetem\\Pannon Egyetem dolgok\\Pen_app_backend\\vendor\\laravel\\framework\\src\\Illuminate\\Database\\Connection.php(979): Illuminate\\Database\\Connection->runQueryCallback('select * from `...', Array, Object(Closure))
#11 E:\\Egyetem\\Pannon Egyetem dolgok\\Pen_app_backend\\vendor\\laravel\\framework\\src\\Illuminate\\Database\\Connection.php(958): Illuminate\\Database\\Connection->tryAgainIfCausedByLostConnection(Object(Illuminate\\Database\\QueryException), 'select * from `...', Array, Object(Closure))
#12 E:\\Egyetem\\Pannon Egyetem dolgok\\Pen_app_backend\\vendor\\laravel\\framework\\src\\Illuminate\\Database\\Connection.php(781): Illuminate\\Database\\Connection->handleQueryException(Object(Illuminate\\Database\\QueryException), 'select * from `...', Array, Object(Closure))
#13 E:\\Egyetem\\Pannon Egyetem dolgok\\Pen_app_backend\\vendor\\laravel\\framework\\src\\Illuminate\\Database\\Connection.php(398): Illuminate\\Database\\Connection->run('select * from `...', Array, Object(Closure))
#14 E:\\Egyetem\\Pannon Egyetem dolgok\\Pen_app_backend\\vendor\\laravel\\framework\\src\\Illuminate\\Database\\Query\\Builder.php(3106): Illuminate\\Database\\Connection->select('select * from `...', Array, false)
#15 E:\\Egyetem\\Pannon Egyetem dolgok\\Pen_app_backend\\vendor\\laravel\\framework\\src\\Illuminate\\Database\\Query\\Builder.php(3091): Illuminate\\Database\\Query\\Builder->runSelect()
#16 E:\\Egyetem\\Pannon Egyetem dolgok\\Pen_app_backend\\vendor\\laravel\\framework\\src\\Illuminate\\Database\\Query\\Builder.php(3676): Illuminate\\Database\\Query\\Builder->Illuminate\\Database\\Query\\{closure}()
#17 E:\\Egyetem\\Pannon Egyetem dolgok\\Pen_app_backend\\vendor\\laravel\\framework\\src\\Illuminate\\Database\\Query\\Builder.php(3090): Illuminate\\Database\\Query\\Builder->onceWithColumns(Array, Object(Closure))
#18 E:\\Egyetem\\Pannon Egyetem dolgok\\Pen_app_backend\\vendor\\laravel\\framework\\src\\Illuminate\\Database\\Concerns\\BuildsQueries.php(343): Illuminate\\Database\\Query\\Builder->get(Array)
#19 E:\\Egyetem\\Pannon Egyetem dolgok\\Pen_app_backend\\vendor\\laravel\\framework\\src\\Illuminate\\Database\\Query\\Builder.php(3013): Illuminate\\Database\\Query\\Builder->first(Array)
#20 E:\\Egyetem\\Pannon Egyetem dolgok\\Pen_app_backend\\vendor\\laravel\\framework\\src\\Illuminate\\Session\\DatabaseSessionHandler.php(97): Illuminate\\Database\\Query\\Builder->find('1sa7ztYq9cRAGrZ...')
#21 E:\\Egyetem\\Pannon Egyetem dolgok\\Pen_app_backend\\vendor\\laravel\\framework\\src\\Illuminate\\Session\\Store.php(117): Illuminate\\Session\\DatabaseSessionHandler->read('1sa7ztYq9cRAGrZ...')
#22 E:\\Egyetem\\Pannon Egyetem dolgok\\Pen_app_backend\\vendor\\laravel\\framework\\src\\Illuminate\\Session\\Store.php(105): Illuminate\\Session\\Store->readFromHandler()
#23 E:\\Egyetem\\Pannon Egyetem dolgok\\Pen_app_backend\\vendor\\laravel\\framework\\src\\Illuminate\\Session\\Store.php(89): Illuminate\\Session\\Store->loadSession()
#24 E:\\Egyetem\\Pannon Egyetem dolgok\\Pen_app_backend\\vendor\\laravel\\framework\\src\\Illuminate\\Session\\Middleware\\StartSession.php(147): Illuminate\\Session\\Store->start()
#25 E:\\Egyetem\\Pannon Egyetem dolgok\\Pen_app_backend\\vendor\\laravel\\framework\\src\\Illuminate\\Support\\helpers.php(399): Illuminate\\Session\\Middleware\\StartSession->Illuminate\\Session\\Middleware\\{closure}(Object(Illuminate\\Session\\Store))
#26 E:\\Egyetem\\Pannon Egyetem dolgok\\Pen_app_backend\\vendor\\laravel\\framework\\src\\Illuminate\\Session\\Middleware\\StartSession.php(144): tap(Object(Illuminate\\Session\\Store), Object(Closure))
#27 E:\\Egyetem\\Pannon Egyetem dolgok\\Pen_app_backend\\vendor\\laravel\\framework\\src\\Illuminate\\Session\\Middleware\\StartSession.php(116): Illuminate\\Session\\Middleware\\StartSession->startSession(Object(Illuminate\\Http\\Request), Object(Illuminate\\Session\\Store))
#28 E:\\Egyetem\\Pannon Egyetem dolgok\\Pen_app_backend\\vendor\\laravel\\framework\\src\\Illuminate\\Session\\Middleware\\StartSession.php(64): Illuminate\\Session\\Middleware\\StartSession->handleStatefulRequest(Object(Illuminate\\Http\\Request), Object(Illuminate\\Session\\Store), Object(Closure))
#29 E:\\Egyetem\\Pannon Egyetem dolgok\\Pen_app_backend\\vendor\\laravel\\framework\\src\\Illuminate\\Pipeline\\Pipeline.php(209): Illuminate\\Session\\Middleware\\StartSession->handle(Object(Illuminate\\Http\\Request), Object(Closure))
#30 E:\\Egyetem\\Pannon Egyetem dolgok\\Pen_app_backend\\vendor\\laravel\\framework\\src\\Illuminate\\Cookie\\Middleware\\AddQueuedCookiesToResponse.php(37): Illuminate\\Pipeline\\Pipeline->Illuminate\\Pipeline\\{closure}(Object(Illuminate\\Http\\Request))
#31 E:\\Egyetem\\Pannon Egyetem dolgok\\Pen_app_backend\\vendor\\laravel\\framework\\src\\Illuminate\\Pipeline\\Pipeline.php(209): Illuminate\\Cookie\\Middleware\\AddQueuedCookiesToResponse->handle(Object(Illuminate\\Http\\Request), Object(Closure))
#32 E:\\Egyetem\\Pannon Egyetem dolgok\\Pen_app_backend\\vendor\\laravel\\framework\\src\\Illuminate\\Cookie\\Middleware\\EncryptCookies.php(75): Illuminate\\Pipeline\\Pipeline->Illuminate\\Pipeline\\{closure}(Object(Illuminate\\Http\\Request))
#33 E:\\Egyetem\\Pannon Egyetem dolgok\\Pen_app_backend\\vendor\\laravel\\framework\\src\\Illuminate\\Pipeline\\Pipeline.php(209): Illuminate\\Cookie\\Middleware\\EncryptCookies->handle(Object(Illuminate\\Http\\Request), Object(Closure))
#34 E:\\Egyetem\\Pannon Egyetem dolgok\\Pen_app_backend\\vendor\\laravel\\framework\\src\\Illuminate\\Pipeline\\Pipeline.php(127): Illuminate\\Pipeline\\Pipeline->Illuminate\\Pipeline\\{closure}(Object(Illuminate\\Http\\Request))
#35 E:\\Egyetem\\Pannon Egyetem dolgok\\Pen_app_backend\\vendor\\laravel\\framework\\src\\Illuminate\\Routing\\Router.php(807): Illuminate\\Pipeline\\Pipeline->then(Object(Closure))
#36 E:\\Egyetem\\Pannon Egyetem dolgok\\Pen_app_backend\\vendor\\laravel\\framework\\src\\Illuminate\\Routing\\Router.php(786): Illuminate\\Routing\\Router->runRouteWithinStack(Object(Illuminate\\Routing\\Route), Object(Illuminate\\Http\\Request))
#37 E:\\Egyetem\\Pannon Egyetem dolgok\\Pen_app_backend\\vendor\\laravel\\framework\\src\\Illuminate\\Routing\\Router.php(750): Illuminate\\Routing\\Router->runRoute(Object(Illuminate\\Http\\Request), Object(Illuminate\\Routing\\Route))
#38 E:\\Egyetem\\Pannon Egyetem dolgok\\Pen_app_backend\\vendor\\laravel\\framework\\src\\Illuminate\\Routing\\Router.php(739): Illuminate\\Routing\\Router->dispatchToRoute(Object(Illuminate\\Http\\Request))
#39 E:\\Egyetem\\Pannon Egyetem dolgok\\Pen_app_backend\\vendor\\laravel\\framework\\src\\Illuminate\\Foundation\\Http\\Kernel.php(201): Illuminate\\Routing\\Router->dispatch(Object(Illuminate\\Http\\Request))
#40 E:\\Egyetem\\Pannon Egyetem dolgok\\Pen_app_backend\\vendor\\laravel\\framework\\src\\Illuminate\\Pipeline\\Pipeline.php(170): Illuminate\\Foundation\\Http\\Kernel->Illuminate\\Foundation\\Http\\{closure}(Object(Illuminate\\Http\\Request))
#41 E:\\Egyetem\\Pannon Egyetem dolgok\\Pen_app_backend\\vendor\\laravel\\framework\\src\\Illuminate\\Http\\Middleware\\TrustProxies.php(58): Illuminate\\Pipeline\\Pipeline->Illuminate\\Pipeline\\{closure}(Object(Illuminate\\Http\\Request))
#42 E:\\Egyetem\\Pannon Egyetem dolgok\\Pen_app_backend\\vendor\\laravel\\framework\\src\\Illuminate\\Pipeline\\Pipeline.php(209): Illuminate\\Http\\Middleware\\TrustProxies->handle(Object(Illuminate\\Http\\Request), Object(Closure))
#43 E:\\Egyetem\\Pannon Egyetem dolgok\\Pen_app_backend\\vendor\\laravel\\framework\\src\\Illuminate\\Foundation\\Http\\Middleware\\TransformsRequest.php(21): Illuminate\\Pipeline\\Pipeline->Illuminate\\Pipeline\\{closure}(Object(Illuminate\\Http\\Request))
#44 E:\\Egyetem\\Pannon Egyetem dolgok\\Pen_app_backend\\vendor\\laravel\\framework\\src\\Illuminate\\Foundation\\Http\\Middleware\\ConvertEmptyStringsToNull.php(31): Illuminate\\Foundation\\Http\\Middleware\\TransformsRequest->handle(Object(Illuminate\\Http\\Request), Object(Closure))
#45 E:\\Egyetem\\Pannon Egyetem dolgok\\Pen_app_backend\\vendor\\laravel\\framework\\src\\Illuminate\\Pipeline\\Pipeline.php(209): Illuminate\\Foundation\\Http\\Middleware\\ConvertEmptyStringsToNull->handle(Object(Illuminate\\Http\\Request), Object(Closure))
#46 E:\\Egyetem\\Pannon Egyetem dolgok\\Pen_app_backend\\vendor\\laravel\\framework\\src\\Illuminate\\Foundation\\Http\\Middleware\\TransformsRequest.php(21): Illuminate\\Pipeline\\Pipeline->Illuminate\\Pipeline\\{closure}(Object(Illuminate\\Http\\Request))
#47 E:\\Egyetem\\Pannon Egyetem dolgok\\Pen_app_backend\\vendor\\laravel\\framework\\src\\Illuminate\\Foundation\\Http\\Middleware\\TrimStrings.php(51): Illuminate\\Foundation\\Http\\Middleware\\TransformsRequest->handle(Object(Illuminate\\Http\\Request), Object(Closure))
#48 E:\\Egyetem\\Pannon Egyetem dolgok\\Pen_app_backend\\vendor\\laravel\\framework\\src\\Illuminate\\Pipeline\\Pipeline.php(209): Illuminate\\Foundation\\Http\\Middleware\\TrimStrings->handle(Object(Illuminate\\Http\\Request), Object(Closure))
#49 E:\\Egyetem\\Pannon Egyetem dolgok\\Pen_app_backend\\vendor\\laravel\\framework\\src\\Illuminate\\Http\\Middleware\\ValidatePostSize.php(27): Illuminate\\Pipeline\\Pipeline->Illuminate\\Pipeline\\{closure}(Object(Illuminate\\Http\\Request))
#50 E:\\Egyetem\\Pannon Egyetem dolgok\\Pen_app_backend\\vendor\\laravel\\framework\\src\\Illuminate\\Pipeline\\Pipeline.php(209): Illuminate\\Http\\Middleware\\ValidatePostSize->handle(Object(Illuminate\\Http\\Request), Object(Closure))
#51 E:\\Egyetem\\Pannon Egyetem dolgok\\Pen_app_backend\\vendor\\laravel\\framework\\src\\Illuminate\\Foundation\\Http\\Middleware\\PreventRequestsDuringMaintenance.php(110): Illuminate\\Pipeline\\Pipeline->Illuminate\\Pipeline\\{closure}(Object(Illuminate\\Http\\Request))
#52 E:\\Egyetem\\Pannon Egyetem dolgok\\Pen_app_backend\\vendor\\laravel\\framework\\src\\Illuminate\\Pipeline\\Pipeline.php(209): Illuminate\\Foundation\\Http\\Middleware\\PreventRequestsDuringMaintenance->handle(Object(Illuminate\\Http\\Request), Object(Closure))
#53 E:\\Egyetem\\Pannon Egyetem dolgok\\Pen_app_backend\\vendor\\laravel\\framework\\src\\Illuminate\\Pipeline\\Pipeline.php(127): Illuminate\\Pipeline\\Pipeline->Illuminate\\Pipeline\\{closure}(Object(Illuminate\\Http\\Request))
#54 E:\\Egyetem\\Pannon Egyetem dolgok\\Pen_app_backend\\vendor\\laravel\\framework\\src\\Illuminate\\Foundation\\Http\\Kernel.php(176): Illuminate\\Pipeline\\Pipeline->then(Object(Closure))
#55 E:\\Egyetem\\Pannon Egyetem dolgok\\Pen_app_backend\\vendor\\laravel\\framework\\src\\Illuminate\\Foundation\\Http\\Kernel.php(145): Illuminate\\Foundation\\Http\\Kernel->sendRequestThroughRouter(Object(Illuminate\\Http\\Request))
#56 E:\\Egyetem\\Pannon Egyetem dolgok\\Pen_app_backend\\public\\index.php(54): Illuminate\\Foundation\\Http\\Kernel->handle(Object(Illuminate\\Http\\Request))
#57 E:\\Egyetem\\Pannon Egyetem dolgok\\Pen_app_backend\\server.php(21): require_once('E:\\\\Egyetem\\\\Pann...')
#58 {main}
"} 
[2026-01-06 17:06:34] staging.ERROR: SQLSTATE[HY000] [2002] No connection could be made because the target machine actively refused it (Connection: mysql, SQL: select exists (select 1 from information_schema.tables where table_schema = 'Napelem' and table_name = 'migrations' and table_type in ('BASE TABLE', 'SYSTEM VERSIONED')) as `exists`) {"exception":"[object] (Illuminate\\Database\\QueryException(code: 2002): SQLSTATE[HY000] [2002] No connection could be made because the target machine actively refused it (Connection: mysql, SQL: select exists (select 1 from information_schema.tables where table_schema = 'Napelem' and table_name = 'migrations' and table_type in ('BASE TABLE', 'SYSTEM VERSIONED')) as `exists`) at E:\\Egyetem\\Pannon Egyetem dolgok\\Pen_app_backend\\vendor\\laravel\\framework\\src\\Illuminate\\Database\\Connection.php:825)
[stacktrace]
#0 E:\\Egyetem\\Pannon Egyetem dolgok\\Pen_app_backend\\vendor\\laravel\\framework\\src\\Illuminate\\Database\\Connection.php(979): Illuminate\\Database\\Connection->runQueryCallback('select exists (...', Array, Object(Closure))
#1 E:\\Egyetem\\Pannon Egyetem dolgok\\Pen_app_backend\\vendor\\laravel\\framework\\src\\Illuminate\\Database\\Connection.php(958): Illuminate\\Database\\Connection->tryAgainIfCausedByLostConnection(Object(Illuminate\\Database\\QueryException), 'select exists (...', Array, Object(Closure))
#2 E:\\Egyetem\\Pannon Egyetem dolgok\\Pen_app_backend\\vendor\\laravel\\framework\\src\\Illuminate\\Database\\Connection.php(781): Illuminate\\Database\\Connection->handleQueryException(Object(Illuminate\\Database\\QueryException), 'select exists (...', Array, Object(Closure))
#3 E:\\Egyetem\\Pannon Egyetem dolgok\\Pen_app_backend\\vendor\\laravel\\framework\\src\\Illuminate\\Database\\Connection.php(398): Illuminate\\Database\\Connection->run('select exists (...', Array, Object(Closure))
#4 E:\\Egyetem\\Pannon Egyetem dolgok\\Pen_app_backend\\vendor\\laravel\\framework\\src\\Illuminate\\Database\\Connection.php(344): Illuminate\\Database\\Connection->select('select exists (...', Array, true)
#5 E:\\Egyetem\\Pannon Egyetem dolgok\\Pen_app_backend\\vendor\\laravel\\framework\\src\\Illuminate\\Database\\Connection.php(361): Illuminate\\Database\\Connection->selectOne('select exists (...', Array, true)
#6 E:\\Egyetem\\Pannon Egyetem dolgok\\Pen_app_backend\\vendor\\laravel\\framework\\src\\Illuminate\\Database\\Schema\\MySqlBuilder.php(45): Illuminate\\Database\\Connection->scalar('select exists (...')
#7 E:\\Egyetem\\Pannon Egyetem dolgok\\Pen_app_backend\\vendor\\laravel\\framework\\src\\Illuminate\\Database\\Migrations\\DatabaseMigrationRepository.php(184): Illuminate\\Database\\Schema\\MySqlBuilder->hasTable('migrations')
#8 E:\\Egyetem\\Pannon Egyetem dolgok\\Pen_app_backend\\vendor\\laravel\\framework\\src\\Illuminate\\Database\\Migrations\\Migrator.php(742): Illuminate\\Database\\Migrations\\DatabaseMigrationRepository->repositoryExists()
#9 E:\\Egyetem\\Pannon Egyetem dolgok\\Pen_app_backend\\vendor\\laravel\\framework\\src\\Illuminate\\Database\\Console\\Migrations\\MigrateCommand.php(165): Illuminate\\Database\\Migrations\\Migrator->repositoryExists()
#10 E:\\Egyetem\\Pannon Egyetem dolgok\\Pen_app_backend\\vendor\\laravel\\framework\\src\\Illuminate\\Support\\helpers.php(338): Illuminate\\Database\\Console\\Migrations\\MigrateCommand->Illuminate\\Database\\Console\\Migrations\\{closure}(1)
#11 E:\\Egyetem\\Pannon Egyetem dolgok\\Pen_app_backend\\vendor\\laravel\\framework\\src\\Illuminate\\Database\\Console\\Migrations\\MigrateCommand.php(165): retry(1, Object(Closure), 0, Object(Closure))
#12 E:\\Egyetem\\Pannon Egyetem dolgok\\Pen_app_backend\\vendor\\laravel\\framework\\src\\Illuminate\\Database\\Console\\Migrations\\MigrateCommand.php(141): Illuminate\\Database\\Console\\Migrations\\MigrateCommand->repositoryExists()
#13 E:\\Egyetem\\Pannon Egyetem dolgok\\Pen_app_backend\\vendor\\laravel\\framework\\src\\Illuminate\\Database\\Console\\Migrations\\MigrateCommand.php(111): Illuminate\\Database\\Console\\Migrations\\MigrateCommand->prepareDatabase()
#14 E:\\Egyetem\\Pannon Egyetem dolgok\\Pen_app_backend\\vendor\\laravel\\framework\\src\\Illuminate\\Database\\Migrations\\Migrator.php(658): Illuminate\\Database\\Console\\Migrations\\MigrateCommand->Illuminate\\Database\\Console\\Migrations\\{closure}()
#15 E:\\Egyetem\\Pannon Egyetem dolgok\\Pen_app_backend\\vendor\\laravel\\framework\\src\\Illuminate\\Database\\Console\\Migrations\\MigrateCommand.php(110): Illuminate\\Database\\Migrations\\Migrator->usingConnection(NULL, Object(Closure))
#16 E:\\Egyetem\\Pannon Egyetem dolgok\\Pen_app_backend\\vendor\\laravel\\framework\\src\\Illuminate\\Database\\Console\\Migrations\\MigrateCommand.php(89): Illuminate\\Database\\Console\\Migrations\\MigrateCommand->runMigrations()
#17 E:\\Egyetem\\Pannon Egyetem dolgok\\Pen_app_backend\\vendor\\laravel\\framework\\src\\Illuminate\\Container\\BoundMethod.php(36): Illuminate\\Database\\Console\\Migrations\\MigrateCommand->handle()
#18 E:\\Egyetem\\Pannon Egyetem dolgok\\Pen_app_backend\\vendor\\laravel\\framework\\src\\Illuminate\\Container\\Util.php(43): Illuminate\\Container\\BoundMethod::Illuminate\\Container\\{closure}()
#19 E:\\Egyetem\\Pannon Egyetem dolgok\\Pen_app_backend\\vendor\\laravel\\framework\\src\\Illuminate\\Container\\BoundMethod.php(95): Illuminate\\Container\\Util::unwrapIfClosure(Object(Closure))
#20 E:\\Egyetem\\Pannon Egyetem dolgok\\Pen_app_backend\\vendor\\laravel\\framework\\src\\Illuminate\\Container\\BoundMethod.php(35): Illuminate\\Container\\BoundMethod::callBoundMethod(Object(Illuminate\\Foundation\\Application), Array, Object(Closure))
#21 E:\\Egyetem\\Pannon Egyetem dolgok\\Pen_app_backend\\vendor\\laravel\\framework\\src\\Illuminate\\Container\\Container.php(696): Illuminate\\Container\\BoundMethod::call(Object(Illuminate\\Foundation\\Application), Array, Array, NULL)
#22 E:\\Egyetem\\Pannon Egyetem dolgok\\Pen_app_backend\\vendor\\laravel\\framework\\src\\Illuminate\\Console\\Command.php(213): Illuminate\\Container\\Container->call(Array)
#23 E:\\Egyetem\\Pannon Egyetem dolgok\\Pen_app_backend\\vendor\\symfony\\console\\Command\\Command.php(318): Illuminate\\Console\\Command->execute(Object(Symfony\\Component\\Console\\Input\\ArgvInput), Object(Illuminate\\Console\\OutputStyle))
#24 E:\\Egyetem\\Pannon Egyetem dolgok\\Pen_app_backend\\vendor\\laravel\\framework\\src\\Illuminate\\Console\\Command.php(182): Symfony\\Component\\Console\\Command\\Command->run(Object(Symfony\\Component\\Console\\Input\\ArgvInput), Object(Illuminate\\Console\\OutputStyle))
#25 E:\\Egyetem\\Pannon Egyetem dolgok\\Pen_app_backend\\vendor\\symfony\\console\\Application.php(1110): Illuminate\\Console\\Command->run(Object(Symfony\\Component\\Console\\Input\\ArgvInput), Object(Symfony\\Component\\Console\\Output\\ConsoleOutput))
#26 E:\\Egyetem\\Pannon Egyetem dolgok\\Pen_app_backend\\vendor\\symfony\\console\\Application.php(359): Symfony\\Component\\Console\\Application->doRunCommand(Object(Illuminate\\Database\\Console\\Migrations\\MigrateCommand), Object(Symfony\\Component\\Console\\Input\\ArgvInput), Object(Symfony\\Component\\Console\\Output\\ConsoleOutput))
#27 E:\\Egyetem\\Pannon Egyetem dolgok\\Pen_app_backend\\vendor\\symfony\\console\\Application.php(194): Symfony\\Component\\Console\\Application->doRun(Object(Symfony\\Component\\Console\\Input\\ArgvInput), Object(Symfony\\Component\\Console\\Output\\ConsoleOutput))
#28 E:\\Egyetem\\Pannon Egyetem dolgok\\Pen_app_backend\\vendor\\laravel\\framework\\src\\Illuminate\\Foundation\\Console\\Kernel.php(198): Symfony\\Component\\Console\\Application->run(Object(Symfony\\Component\\Console\\Input\\ArgvInput), Object(Symfony\\Component\\Console\\Output\\ConsoleOutput))
#29 E:\\Egyetem\\Pannon Egyetem dolgok\\Pen_app_backend\\artisan(35): Illuminate\\Foundation\\Console\\Kernel->handle(Object(Symfony\\Component\\Console\\Input\\ArgvInput), Object(Symfony\\Component\\Console\\Output\\ConsoleOutput))
#30 {main}

[previous exception] [object] (PDOException(code: 2002): SQLSTATE[HY000] [2002] No connection could be made because the target machine actively refused it at E:\\Egyetem\\Pannon Egyetem dolgok\\Pen_app_backend\\vendor\\laravel\\framework\\src\\Illuminate\\Database\\Connectors\\Connector.php:66)
[stacktrace]
#0 E:\\Egyetem\\Pannon Egyetem dolgok\\Pen_app_backend\\vendor\\laravel\\framework\\src\\Illuminate\\Database\\Connectors\\Connector.php(66): PDO->__construct('mysql:host=127....', 'root', Object(SensitiveParameterValue), Array)
#1 E:\\Egyetem\\Pannon Egyetem dolgok\\Pen_app_backend\\vendor\\laravel\\framework\\src\\Illuminate\\Database\\Connectors\\Connector.php(85): Illuminate\\Database\\Connectors\\Connector->createPdoConnection('mysql:host=127....', 'root', Object(SensitiveParameterValue), Array)
#2 E:\\Egyetem\\Pannon Egyetem dolgok\\Pen_app_backend\\vendor\\laravel\\framework\\src\\Illuminate\\Database\\Connectors\\Connector.php(48): Illuminate\\Database\\Connectors\\Connector->tryAgainIfCausedByLostConnection(Object(PDOException), 'mysql:host=127....', 'root', Object(SensitiveParameterValue), Array)
#3 E:\\Egyetem\\Pannon Egyetem dolgok\\Pen_app_backend\\vendor\\laravel\\framework\\src\\Illuminate\\Database\\Connectors\\MySqlConnector.php(24): Illuminate\\Database\\Connectors\\Connector->createConnection('mysql:host=127....', Array, Array)
#4 E:\\Egyetem\\Pannon Egyetem dolgok\\Pen_app_backend\\vendor\\laravel\\framework\\src\\Illuminate\\Database\\Connectors\\ConnectionFactory.php(185): Illuminate\\Database\\Connectors\\MySqlConnector->connect(Array)
#5 [internal function]: Illuminate\\Database\\Connectors\\ConnectionFactory->Illuminate\\Database\\Connectors\\{closure}()
#6 E:\\Egyetem\\Pannon Egyetem dolgok\\Pen_app_backend\\vendor\\laravel\\framework\\src\\Illuminate\\Database\\Connection.php(1231): call_user_func(Object(Closure))
#7 E:\\Egyetem\\Pannon Egyetem dolgok\\Pen_app_backend\\vendor\\laravel\\framework\\src\\Illuminate\\Database\\Connection.php(1267): Illuminate\\Database\\Connection->getPdo()
#8 E:\\Egyetem\\Pannon Egyetem dolgok\\Pen_app_backend\\vendor\\laravel\\framework\\src\\Illuminate\\Database\\Connection.php(512): Illuminate\\Database\\Connection->getReadPdo()
#9 E:\\Egyetem\\Pannon Egyetem dolgok\\Pen_app_backend\\vendor\\laravel\\framework\\src\\Illuminate\\Database\\Connection.php(407): Illuminate\\Database\\Connection->getPdoForSelect(true)
#10 E:\\Egyetem\\Pannon Egyetem dolgok\\Pen_app_backend\\vendor\\laravel\\framework\\src\\Illuminate\\Database\\Connection.php(812): Illuminate\\Database\\Connection->Illuminate\\Database\\{closure}('select exists (...', Array)
#11 E:\\Egyetem\\Pannon Egyetem dolgok\\Pen_app_backend\\vendor\\laravel\\framework\\src\\Illuminate\\Database\\Connection.php(979): Illuminate\\Database\\Connection->runQueryCallback('select exists (...', Array, Object(Closure))
#12 E:\\Egyetem\\Pannon Egyetem dolgok\\Pen_app_backend\\vendor\\laravel\\framework\\src\\Illuminate\\Database\\Connection.php(958): Illuminate\\Database\\Connection->tryAgainIfCausedByLostConnection(Object(Illuminate\\Database\\QueryException), 'select exists (...', Array, Object(Closure))
#13 E:\\Egyetem\\Pannon Egyetem dolgok\\Pen_app_backend\\vendor\\laravel\\framework\\src\\Illuminate\\Database\\Connection.php(781): Illuminate\\Database\\Connection->handleQueryException(Object(Illuminate\\Database\\QueryException), 'select exists (...', Array, Object(Closure))
#14 E:\\Egyetem\\Pannon Egyetem dolgok\\Pen_app_backend\\vendor\\laravel\\framework\\src\\Illuminate\\Database\\Connection.php(398): Illuminate\\Database\\Connection->run('select exists (...', Array, Object(Closure))
#15 E:\\Egyetem\\Pannon Egyetem dolgok\\Pen_app_backend\\vendor\\laravel\\framework\\src\\Illuminate\\Database\\Connection.php(344): Illuminate\\Database\\Connection->select('select exists (...', Array, true)
#16 E:\\Egyetem\\Pannon Egyetem dolgok\\Pen_app_backend\\vendor\\laravel\\framework\\src\\Illuminate\\Database\\Connection.php(361): Illuminate\\Database\\Connection->selectOne('select exists (...', Array, true)
#17 E:\\Egyetem\\Pannon Egyetem dolgok\\Pen_app_backend\\vendor\\laravel\\framework\\src\\Illuminate\\Database\\Schema\\MySqlBuilder.php(45): Illuminate\\Database\\Connection->scalar('select exists (...')
#18 E:\\Egyetem\\Pannon Egyetem dolgok\\Pen_app_backend\\vendor\\laravel\\framework\\src\\Illuminate\\Database\\Migrations\\DatabaseMigrationRepository.php(184): Illuminate\\Database\\Schema\\MySqlBuilder->hasTable('migrations')
#19 E:\\Egyetem\\Pannon Egyetem dolgok\\Pen_app_backend\\vendor\\laravel\\framework\\src\\Illuminate\\Database\\Migrations\\Migrator.php(742): Illuminate\\Database\\Migrations\\DatabaseMigrationRepository->repositoryExists()
#20 E:\\Egyetem\\Pannon Egyetem dolgok\\Pen_app_backend\\vendor\\laravel\\framework\\src\\Illuminate\\Database\\Console\\Migrations\\MigrateCommand.php(165): Illuminate\\Database\\Migrations\\Migrator->repositoryExists()
#21 E:\\Egyetem\\Pannon Egyetem dolgok\\Pen_app_backend\\vendor\\laravel\\framework\\src\\Illuminate\\Support\\helpers.php(338): Illuminate\\Database\\Console\\Migrations\\MigrateCommand->Illuminate\\Database\\Console\\Migrations\\{closure}(1)
#22 E:\\Egyetem\\Pannon Egyetem dolgok\\Pen_app_backend\\vendor\\laravel\\framework\\src\\Illuminate\\Database\\Console\\Migrations\\MigrateCommand.php(165): retry(1, Object(Closure), 0, Object(Closure))
#23 E:\\Egyetem\\Pannon Egyetem dolgok\\Pen_app_backend\\vendor\\laravel\\framework\\src\\Illuminate\\Database\\Console\\Migrations\\MigrateCommand.php(141): Illuminate\\Database\\Console\\Migrations\\MigrateCommand->repositoryExists()
#24 E:\\Egyetem\\Pannon Egyetem dolgok\\Pen_app_backend\\vendor\\laravel\\framework\\src\\Illuminate\\Database\\Console\\Migrations\\MigrateCommand.php(111): Illuminate\\Database\\Console\\Migrations\\MigrateCommand->prepareDatabase()
#25 E:\\Egyetem\\Pannon Egyetem dolgok\\Pen_app_backend\\vendor\\laravel\\framework\\src\\Illuminate\\Database\\Migrations\\Migrator.php(658): Illuminate\\Database\\Console\\Migrations\\MigrateCommand->Illuminate\\Database\\Console\\Migrations\\{closure}()
#26 E:\\Egyetem\\Pannon Egyetem dolgok\\Pen_app_backend\\vendor\\laravel\\framework\\src\\Illuminate\\Database\\Console\\Migrations\\MigrateCommand.php(110): Illuminate\\Database\\Migrations\\Migrator->usingConnection(NULL, Object(Closure))
#27 E:\\Egyetem\\Pannon Egyetem dolgok\\Pen_app_backend\\vendor\\laravel\\framework\\src\\Illuminate\\Database\\Console\\Migrations\\MigrateCommand.php(89): Illuminate\\Database\\Console\\Migrations\\MigrateCommand->runMigrations()
#28 E:\\Egyetem\\Pannon Egyetem dolgok\\Pen_app_backend\\vendor\\laravel\\framework\\src\\Illuminate\\Container\\BoundMethod.php(36): Illuminate\\Database\\Console\\Migrations\\MigrateCommand->handle()
#29 E:\\Egyetem\\Pannon Egyetem dolgok\\Pen_app_backend\\vendor\\laravel\\framework\\src\\Illuminate\\Container\\Util.php(43): Illuminate\\Container\\BoundMethod::Illuminate\\Container\\{closure}()
#30 E:\\Egyetem\\Pannon Egyetem dolgok\\Pen_app_backend\\vendor\\laravel\\framework\\src\\Illuminate\\Container\\BoundMethod.php(95): Illuminate\\Container\\Util::unwrapIfClosure(Object(Closure))
#31 E:\\Egyetem\\Pannon Egyetem dolgok\\Pen_app_backend\\vendor\\laravel\\framework\\src\\Illuminate\\Container\\BoundMethod.php(35): Illuminate\\Container\\BoundMethod::callBoundMethod(Object(Illuminate\\Foundation\\Application), Array, Object(Closure))
#32 E:\\Egyetem\\Pannon Egyetem dolgok\\Pen_app_backend\\vendor\\laravel\\framework\\src\\Illuminate\\Container\\Container.php(696): Illuminate\\Container\\BoundMethod::call(Object(Illuminate\\Foundation\\Application), Array, Array, NULL)
#33 E:\\Egyetem\\Pannon Egyetem dolgok\\Pen_app_backend\\vendor\\laravel\\framework\\src\\Illuminate\\Console\\Command.php(213): Illuminate\\Container\\Container->call(Array)
#34 E:\\Egyetem\\Pannon Egyetem dolgok\\Pen_app_backend\\vendor\\symfony\\console\\Command\\Command.php(318): Illuminate\\Console\\Command->execute(Object(Symfony\\Component\\Console\\Input\\ArgvInput), Object(Illuminate\\Console\\OutputStyle))
#35 E:\\Egyetem\\Pannon Egyetem dolgok\\Pen_app_backend\\vendor\\laravel\\framework\\src\\Illuminate\\Console\\Command.php(182): Symfony\\Component\\Console\\Command\\Command->run(Object(Symfony\\Component\\Console\\Input\\ArgvInput), Object(Illuminate\\Console\\OutputStyle))
#36 E:\\Egyetem\\Pannon Egyetem dolgok\\Pen_app_backend\\vendor\\symfony\\console\\Application.php(1110): Illuminate\\Console\\Command->run(Object(Symfony\\Component\\Console\\Input\\ArgvInput), Object(Symfony\\Component\\Console\\Output\\ConsoleOutput))
#37 E:\\Egyetem\\Pannon Egyetem dolgok\\Pen_app_backend\\vendor\\symfony\\console\\Application.php(359): Symfony\\Component\\Console\\Application->doRunCommand(Object(Illuminate\\Database\\Console\\Migrations\\MigrateCommand), Object(Symfony\\Component\\Console\\Input\\ArgvInput), Object(Symfony\\Component\\Console\\Output\\ConsoleOutput))
#38 E:\\Egyetem\\Pannon Egyetem dolgok\\Pen_app_backend\\vendor\\symfony\\console\\Application.php(194): Symfony\\Component\\Console\\Application->doRun(Object(Symfony\\Component\\Console\\Input\\ArgvInput), Object(Symfony\\Component\\Console\\Output\\ConsoleOutput))
#39 E:\\Egyetem\\Pannon Egyetem dolgok\\Pen_app_backend\\vendor\\laravel\\framework\\src\\Illuminate\\Foundation\\Console\\Kernel.php(198): Symfony\\Component\\Console\\Application->run(Object(Symfony\\Component\\Console\\Input\\ArgvInput), Object(Symfony\\Component\\Console\\Output\\ConsoleOutput))
#40 E:\\Egyetem\\Pannon Egyetem dolgok\\Pen_app_backend\\artisan(35): Illuminate\\Foundation\\Console\\Kernel->handle(Object(Symfony\\Component\\Console\\Input\\ArgvInput), Object(Symfony\\Component\\Console\\Output\\ConsoleOutput))
#41 {main}
"} 
[2026-01-06 17:43:59] staging.ERROR: __VSCODE_LARAVEL_STARTUP_ERROR__: rename(E:\Egyetem\Pannon Egyetem dolgok\Pen_app_backend\bootstrap\cache\pacA082.tmp,E:\Egyetem\Pannon Egyetem dolgok\Pen_app_backend\bootstrap\cache/packages.php): Access is denied (code: 5) {"exception":"[object] (Error(code: 0): __VSCODE_LARAVEL_STARTUP_ERROR__: rename(E:\\Egyetem\\Pannon Egyetem dolgok\\Pen_app_backend\\bootstrap\\cache\\pacA082.tmp,E:\\Egyetem\\Pannon Egyetem dolgok\\Pen_app_backend\\bootstrap\\cache/packages.php): Access is denied (code: 5) at E:\\Egyetem\\Pannon Egyetem dolgok\\Pen_app_backend\\vendor\\_laravel_ide\\discover-6fd83ab5fb3f0a7e73c08ddae18f9934.php:33)
[stacktrace]
#0 E:\\Egyetem\\Pannon Egyetem dolgok\\Pen_app_backend\\vendor\\_laravel_ide\\discover-6fd83ab5fb3f0a7e73c08ddae18f9934.php(62): LaravelVsCode::startupError(Object(ErrorException))
#1 {main}
"} 
[2026-01-06 17:43:59] staging.ERROR: __VSCODE_LARAVEL_STARTUP_ERROR__: rename(E:\Egyetem\Pannon Egyetem dolgok\Pen_app_backend\bootstrap\cache\pacA07D.tmp,E:\Egyetem\Pannon Egyetem dolgok\Pen_app_backend\bootstrap\cache/packages.php): Access is denied (code: 5) {"exception":"[object] (Error(code: 0): __VSCODE_LARAVEL_STARTUP_ERROR__: rename(E:\\Egyetem\\Pannon Egyetem dolgok\\Pen_app_backend\\bootstrap\\cache\\pacA07D.tmp,E:\\Egyetem\\Pannon Egyetem dolgok\\Pen_app_backend\\bootstrap\\cache/packages.php): Access is denied (code: 5) at E:\\Egyetem\\Pannon Egyetem dolgok\\Pen_app_backend\\vendor\\_laravel_ide\\discover-f5442aeac73a6a9021bd7ce113d6a606.php:33)
[stacktrace]
#0 E:\\Egyetem\\Pannon Egyetem dolgok\\Pen_app_backend\\vendor\\_laravel_ide\\discover-f5442aeac73a6a9021bd7ce113d6a606.php(62): LaravelVsCode::startupError(Object(ErrorException))
#1 {main}
"} 
[2026-01-06 17:43:59] staging.ERROR: __VSCODE_LARAVEL_STARTUP_ERROR__: rename(E:\Egyetem\Pannon Egyetem dolgok\Pen_app_backend\bootstrap\cache\pacA07E.tmp,E:\Egyetem\Pannon Egyetem dolgok\Pen_app_backend\bootstrap\cache/packages.php): Access is denied (code: 5) {"exception":"[object] (Error(code: 0): __VSCODE_LARAVEL_STARTUP_ERROR__: rename(E:\\Egyetem\\Pannon Egyetem dolgok\\Pen_app_backend\\bootstrap\\cache\\pacA07E.tmp,E:\\Egyetem\\Pannon Egyetem dolgok\\Pen_app_backend\\bootstrap\\cache/packages.php): Access is denied (code: 5) at E:\\Egyetem\\Pannon Egyetem dolgok\\Pen_app_backend\\vendor\\_laravel_ide\\discover-f613d6a3d267805582334742522e87f1.php:33)
[stacktrace]
#0 E:\\Egyetem\\Pannon Egyetem dolgok\\Pen_app_backend\\vendor\\_laravel_ide\\discover-f613d6a3d267805582334742522e87f1.php(62): LaravelVsCode::startupError(Object(ErrorException))
#1 {main}
"} 
[2026-01-06 17:43:59] staging.ERROR: __VSCODE_LARAVEL_STARTUP_ERROR__: rename(E:\Egyetem\Pannon Egyetem dolgok\Pen_app_backend\bootstrap\cache\pacA07B.tmp,E:\Egyetem\Pannon Egyetem dolgok\Pen_app_backend\bootstrap\cache/packages.php): Access is denied (code: 5) {"exception":"[object] (Error(code: 0): __VSCODE_LARAVEL_STARTUP_ERROR__: rename(E:\\Egyetem\\Pannon Egyetem dolgok\\Pen_app_backend\\bootstrap\\cache\\pacA07B.tmp,E:\\Egyetem\\Pannon Egyetem dolgok\\Pen_app_backend\\bootstrap\\cache/packages.php): Access is denied (code: 5) at E:\\Egyetem\\Pannon Egyetem dolgok\\Pen_app_backend\\vendor\\_laravel_ide\\discover-f6c2bb05e77ee582c501379f6998f2c4.php:33)
[stacktrace]
#0 E:\\Egyetem\\Pannon Egyetem dolgok\\Pen_app_backend\\vendor\\_laravel_ide\\discover-f6c2bb05e77ee582c501379f6998f2c4.php(62): LaravelVsCode::startupError(Object(ErrorException))
#1 {main}
"} 
[2026-01-06 17:43:59] staging.ERROR: __VSCODE_LARAVEL_STARTUP_ERROR__: rename(E:\Egyetem\Pannon Egyetem dolgok\Pen_app_backend\bootstrap\cache\pacA083.tmp,E:\Egyetem\Pannon Egyetem dolgok\Pen_app_backend\bootstrap\cache/packages.php): Access is denied (code: 5) {"exception":"[object] (Error(code: 0): __VSCODE_LARAVEL_STARTUP_ERROR__: rename(E:\\Egyetem\\Pannon Egyetem dolgok\\Pen_app_backend\\bootstrap\\cache\\pacA083.tmp,E:\\Egyetem\\Pannon Egyetem dolgok\\Pen_app_backend\\bootstrap\\cache/packages.php): Access is denied (code: 5) at E:\\Egyetem\\Pannon Egyetem dolgok\\Pen_app_backend\\vendor\\_laravel_ide\\discover-7563160ca998bde672640aa1e68dfd08.php:33)
[stacktrace]
#0 E:\\Egyetem\\Pannon Egyetem dolgok\\Pen_app_backend\\vendor\\_laravel_ide\\discover-7563160ca998bde672640aa1e68dfd08.php(62): LaravelVsCode::startupError(Object(ErrorException))
#1 {main}
"} 
[2026-01-06 17:43:59] staging.ERROR: __VSCODE_LARAVEL_STARTUP_ERROR__: rename(E:\Egyetem\Pannon Egyetem dolgok\Pen_app_backend\bootstrap\cache\pacA080.tmp,E:\Egyetem\Pannon Egyetem dolgok\Pen_app_backend\bootstrap\cache/packages.php): Access is denied (code: 5) {"exception":"[object] (Error(code: 0): __VSCODE_LARAVEL_STARTUP_ERROR__: rename(E:\\Egyetem\\Pannon Egyetem dolgok\\Pen_app_backend\\bootstrap\\cache\\pacA080.tmp,E:\\Egyetem\\Pannon Egyetem dolgok\\Pen_app_backend\\bootstrap\\cache/packages.php): Access is denied (code: 5) at E:\\Egyetem\\Pannon Egyetem dolgok\\Pen_app_backend\\vendor\\_laravel_ide\\discover-b1616d15ee4cfadba2124f72622cf216.php:33)
[stacktrace]
#0 E:\\Egyetem\\Pannon Egyetem dolgok\\Pen_app_backend\\vendor\\_laravel_ide\\discover-b1616d15ee4cfadba2124f72622cf216.php(62): LaravelVsCode::startupError(Object(ErrorException))
#1 {main}
"} 
[2026-01-06 17:43:59] staging.ERROR: rename(E:\Egyetem\Pannon Egyetem dolgok\Pen_app_backend\bootstrap\cache\pacA081.tmp,E:\Egyetem\Pannon Egyetem dolgok\Pen_app_backend\bootstrap\cache/packages.php): Access is denied (code: 5) {"exception":"[object] (ErrorException(code: 0): rename(E:\\Egyetem\\Pannon Egyetem dolgok\\Pen_app_backend\\bootstrap\\cache\\pacA081.tmp,E:\\Egyetem\\Pannon Egyetem dolgok\\Pen_app_backend\\bootstrap\\cache/packages.php): Access is denied (code: 5) at E:\\Egyetem\\Pannon Egyetem dolgok\\Pen_app_backend\\vendor\\laravel\\framework\\src\\Illuminate\\Filesystem\\Filesystem.php:233)
[stacktrace]
#0 E:\\Egyetem\\Pannon Egyetem dolgok\\Pen_app_backend\\vendor\\laravel\\framework\\src\\Illuminate\\Foundation\\Bootstrap\\HandleExceptions.php(256): Illuminate\\Foundation\\Bootstrap\\HandleExceptions->handleError(2, 'rename(E:\\\\Egyet...', 'E:\\\\Egyetem\\\\Pann...', 233)
#1 [internal function]: Illuminate\\Foundation\\Bootstrap\\HandleExceptions->Illuminate\\Foundation\\Bootstrap\\{closure}(2, 'rename(E:\\\\Egyet...', 'E:\\\\Egyetem\\\\Pann...', 233)
#2 E:\\Egyetem\\Pannon Egyetem dolgok\\Pen_app_backend\\vendor\\laravel\\framework\\src\\Illuminate\\Filesystem\\Filesystem.php(233): rename('E:\\\\Egyetem\\\\Pann...', 'E:\\\\Egyetem\\\\Pann...')
#3 E:\\Egyetem\\Pannon Egyetem dolgok\\Pen_app_backend\\vendor\\laravel\\framework\\src\\Illuminate\\Foundation\\PackageManifest.php(182): Illuminate\\Filesystem\\Filesystem->replace('E:\\\\Egyetem\\\\Pann...', '<?php return ar...')
#4 E:\\Egyetem\\Pannon Egyetem dolgok\\Pen_app_backend\\vendor\\laravel\\framework\\src\\Illuminate\\Foundation\\PackageManifest.php(132): Illuminate\\Foundation\\PackageManifest->write(Array)
#5 E:\\Egyetem\\Pannon Egyetem dolgok\\Pen_app_backend\\vendor\\laravel\\framework\\src\\Illuminate\\Foundation\\PackageManifest.php(108): Illuminate\\Foundation\\PackageManifest->build()
#6 E:\\Egyetem\\Pannon Egyetem dolgok\\Pen_app_backend\\vendor\\laravel\\framework\\src\\Illuminate\\Foundation\\PackageManifest.php(91): Illuminate\\Foundation\\PackageManifest->getManifest()
#7 E:\\Egyetem\\Pannon Egyetem dolgok\\Pen_app_backend\\vendor\\laravel\\framework\\src\\Illuminate\\Foundation\\PackageManifest.php(80): Illuminate\\Foundation\\PackageManifest->config('aliases')
#8 E:\\Egyetem\\Pannon Egyetem dolgok\\Pen_app_backend\\vendor\\laravel\\framework\\src\\Illuminate\\Foundation\\Bootstrap\\RegisterFacades.php(26): Illuminate\\Foundation\\PackageManifest->aliases()
#9 E:\\Egyetem\\Pannon Egyetem dolgok\\Pen_app_backend\\vendor\\laravel\\framework\\src\\Illuminate\\Foundation\\Application.php(342): Illuminate\\Foundation\\Bootstrap\\RegisterFacades->bootstrap(Object(Illuminate\\Foundation\\Application))
#10 E:\\Egyetem\\Pannon Egyetem dolgok\\Pen_app_backend\\vendor\\laravel\\framework\\src\\Illuminate\\Foundation\\Console\\Kernel.php(474): Illuminate\\Foundation\\Application->bootstrapWith(Array)
#11 E:\\Egyetem\\Pannon Egyetem dolgok\\Pen_app_backend\\vendor\\laravel\\framework\\src\\Illuminate\\Foundation\\Console\\Kernel.php(196): Illuminate\\Foundation\\Console\\Kernel->bootstrap()
#12 E:\\Egyetem\\Pannon Egyetem dolgok\\Pen_app_backend\\artisan(35): Illuminate\\Foundation\\Console\\Kernel->handle(Object(Symfony\\Component\\Console\\Input\\ArgvInput), Object(Symfony\\Component\\Console\\Output\\ConsoleOutput))
#13 {main}
"} 
[2026-01-06 17:53:27] staging.INFO: Crawling Facebook group: https://www.facebook.com/groups/658946784584307  
[2026-01-06 17:53:28] staging.WARNING: Facebook request failed: cURL error 61: Unrecognized content encoding type. libcurl understands deflate, gzip content encodings. (see https://curl.haxx.se/libcurl/c/libcurl-errors.html) for https://www.facebook.com/groups/658946784584307  
[2026-01-06 17:56:25] staging.INFO: Crawling Facebook group: https://www.facebook.com/groups/100051682255073  
[2026-01-06 17:56:25] staging.WARNING: Facebook request failed: cURL error 61: Unrecognized content encoding type. libcurl understands deflate, gzip content encodings. (see https://curl.haxx.se/libcurl/c/libcurl-errors.html) for https://www.facebook.com/groups/100051682255073  
[2026-01-06 17:58:35] staging.INFO: Crawling Facebook page: https://www.facebook.com/pannon.nagykanizsa/?locale=hu_HU  
[2026-01-06 17:58:35] staging.WARNING: Facebook request failed: cURL error 61: Unrecognized content encoding type. libcurl understands deflate, gzip content encodings. (see https://curl.haxx.se/libcurl/c/libcurl-errors.html) for https://www.facebook.com/pannon.nagykanizsa/?locale=hu_HU  
[2026-01-06 18:01:36] staging.ERROR: Class "App\Services\FacebookGroupCrawler" not found {"exception":"[object] (Error(code: 0): Class \"App\\Services\\FacebookGroupCrawler\" not found at E:\\Egyetem\\Pannon Egyetem dolgok\\Pen_app_backend\\app\\Console\\Commands\\ScrapePostokCommand.php:31)
[stacktrace]
#0 E:\\Egyetem\\Pannon Egyetem dolgok\\Pen_app_backend\\vendor\\laravel\\framework\\src\\Illuminate\\Container\\BoundMethod.php(36): App\\Console\\Commands\\ScrapePostokCommand->handle()
#1 E:\\Egyetem\\Pannon Egyetem dolgok\\Pen_app_backend\\vendor\\laravel\\framework\\src\\Illuminate\\Container\\Util.php(43): Illuminate\\Container\\BoundMethod::Illuminate\\Container\\{closure}()
#2 E:\\Egyetem\\Pannon Egyetem dolgok\\Pen_app_backend\\vendor\\laravel\\framework\\src\\Illuminate\\Container\\BoundMethod.php(95): Illuminate\\Container\\Util::unwrapIfClosure(Object(Closure))
#3 E:\\Egyetem\\Pannon Egyetem dolgok\\Pen_app_backend\\vendor\\laravel\\framework\\src\\Illuminate\\Container\\BoundMethod.php(35): Illuminate\\Container\\BoundMethod::callBoundMethod(Object(Illuminate\\Foundation\\Application), Array, Object(Closure))
#4 E:\\Egyetem\\Pannon Egyetem dolgok\\Pen_app_backend\\vendor\\laravel\\framework\\src\\Illuminate\\Container\\Container.php(696): Illuminate\\Container\\BoundMethod::call(Object(Illuminate\\Foundation\\Application), Array, Array, NULL)
#5 E:\\Egyetem\\Pannon Egyetem dolgok\\Pen_app_backend\\vendor\\laravel\\framework\\src\\Illuminate\\Console\\Command.php(213): Illuminate\\Container\\Container->call(Array)
#6 E:\\Egyetem\\Pannon Egyetem dolgok\\Pen_app_backend\\vendor\\symfony\\console\\Command\\Command.php(318): Illuminate\\Console\\Command->execute(Object(Symfony\\Component\\Console\\Input\\ArgvInput), Object(Illuminate\\Console\\OutputStyle))
#7 E:\\Egyetem\\Pannon Egyetem dolgok\\Pen_app_backend\\vendor\\laravel\\framework\\src\\Illuminate\\Console\\Command.php(182): Symfony\\Component\\Console\\Command\\Command->run(Object(Symfony\\Component\\Console\\Input\\ArgvInput), Object(Illuminate\\Console\\OutputStyle))
#8 E:\\Egyetem\\Pannon Egyetem dolgok\\Pen_app_backend\\vendor\\symfony\\console\\Application.php(1110): Illuminate\\Console\\Command->run(Object(Symfony\\Component\\Console\\Input\\ArgvInput), Object(Symfony\\Component\\Console\\Output\\ConsoleOutput))
#9 E:\\Egyetem\\Pannon Egyetem dolgok\\Pen_app_backend\\vendor\\symfony\\console\\Application.php(359): Symfony\\Component\\Console\\Application->doRunCommand(Object(App\\Console\\Commands\\ScrapePostokCommand), Object(Symfony\\Component\\Console\\Input\\ArgvInput), Object(Symfony\\Component\\Console\\Output\\ConsoleOutput))
#10 E:\\Egyetem\\Pannon Egyetem dolgok\\Pen_app_backend\\vendor\\symfony\\console\\Application.php(194): Symfony\\Component\\Console\\Application->doRun(Object(Symfony\\Component\\Console\\Input\\ArgvInput), Object(Symfony\\Component\\Console\\Output\\ConsoleOutput))
#11 E:\\Egyetem\\Pannon Egyetem dolgok\\Pen_app_backend\\vendor\\laravel\\framework\\src\\Illuminate\\Foundation\\Console\\Kernel.php(198): Symfony\\Component\\Console\\Application->run(Object(Symfony\\Component\\Console\\Input\\ArgvInput), Object(Symfony\\Component\\Console\\Output\\ConsoleOutput))
#12 E:\\Egyetem\\Pannon Egyetem dolgok\\Pen_app_backend\\artisan(35): Illuminate\\Foundation\\Console\\Kernel->handle(Object(Symfony\\Component\\Console\\Input\\ArgvInput), Object(Symfony\\Component\\Console\\Output\\ConsoleOutput))
#13 {main}
"} 
[2026-01-06 18:55:55] staging.INFO: FacebookCrawler: Starting crawl {"url":"https://www.facebook.com/pannon.nagykanizsa"} 
[2026-01-06 18:55:55] staging.ERROR: FacebookCrawler: Request failed {"error":"cURL error 61: Unrecognized content encoding type. libcurl understands deflate, gzip content encodings. (see https://curl.haxx.se/libcurl/c/libcurl-errors.html) for https://www.facebook.com/pannon.nagykanizsa","status":200} 
[2026-01-06 18:55:55] staging.WARNING: FacebookCrawler: Empty HTML response  
[2026-01-06 18:58:32] staging.INFO: FacebookCrawler: Starting crawl {"url":"https://www.facebook.com/pannon.nagykanizsa"} 
[2026-01-06 18:58:32] staging.ERROR: FacebookCrawler: Request failed {"error":"cURL error 61: Unrecognized content encoding type. libcurl understands deflate, gzip content encodings. (see https://curl.haxx.se/libcurl/c/libcurl-errors.html) for https://www.facebook.com/pannon.nagykanizsa","status":200} 
[2026-01-06 18:58:32] staging.WARNING: FacebookCrawler: Empty HTML response  
