[2026-01-25 09:54:08] staging.INFO: Python output: 🚀 Render-Optimized Scraper
✅ Found 1 videos in 3.0s
[
  {
    "title": "Csak a Pannon!! 😇 #csakapannon #fyp #pannon  created by Pannon Egyetem with Generator’s original sou",
    "url": "https://www.tiktok.com/@pannonegyetem/video/7598133276884110614",
    "image_url": "https://p19-pu-sign-no.tiktokcdn-eu.com/tos-no1a-p-0037-no/ocA9Y5weGlIWHQWiKpGHqvLfAfNxAApQvyeAgR~tplv-tiktokx-origin.image?dr=10395&x-expires=1769500800&x-signature=aiWJGBeuqOtKkx9Z6c3UE7aJfvE%3D&t=4d5b0474&ps=13740610  
[2026-01-25 09:54:09] staging.INFO: Duplicate skipped: https://www.tiktok.com/@pannonegyetem/video/7598133276884110614  
[2026-01-25 09:55:46] staging.ERROR: TikTok scraper not found: E:\Egyetem\Pannon Egyetem dolgok\Pen_app_backend\scrape_tiktok_render.py  
[2026-01-25 09:55:48] staging.ERROR: TikTok scraper not found: E:\Egyetem\Pannon Egyetem dolgok\Pen_app_backend\scrape_tiktok_render.py  
[2026-01-25 09:55:49] staging.ERROR: TikTok scraper not found: E:\Egyetem\Pannon Egyetem dolgok\Pen_app_backend\scrape_tiktok_render.py  
[2026-01-25 09:55:50] staging.ERROR: TikTok scraper not found: E:\Egyetem\Pannon Egyetem dolgok\Pen_app_backend\scrape_tiktok_render.py  
[2026-01-25 09:55:50] staging.ERROR: TikTok scraper not found: E:\Egyetem\Pannon Egyetem dolgok\Pen_app_backend\scrape_tiktok_render.py  
[2026-01-25 09:55:50] staging.ERROR: TikTok scraper not found: E:\Egyetem\Pannon Egyetem dolgok\Pen_app_backend\scrape_tiktok_render.py  
[2026-01-25 09:55:51] staging.ERROR: TikTok scraper not found: E:\Egyetem\Pannon Egyetem dolgok\Pen_app_backend\scrape_tiktok_render.py  
[2026-01-25 09:55:52] staging.ERROR: TikTok scraper not found: E:\Egyetem\Pannon Egyetem dolgok\Pen_app_backend\scrape_tiktok_render.py  
[2026-01-25 09:55:52] staging.ERROR: TikTok scraper not found: E:\Egyetem\Pannon Egyetem dolgok\Pen_app_backend\scrape_tiktok_render.py  
[2026-01-25 09:55:53] staging.ERROR: TikTok scraper not found: E:\Egyetem\Pannon Egyetem dolgok\Pen_app_backend\scrape_tiktok_render.py  
[2026-01-25 09:55:53] staging.ERROR: TikTok scraper not found: E:\Egyetem\Pannon Egyetem dolgok\Pen_app_backend\scrape_tiktok_render.py  
[2026-01-25 09:55:53] staging.ERROR: TikTok scraper not found: E:\Egyetem\Pannon Egyetem dolgok\Pen_app_backend\scrape_tiktok_render.py  
[2026-01-25 09:56:34] staging.ERROR: TikTok scraper not found: E:\Egyetem\Pannon Egyetem dolgok\Pen_app_backend\scrape_tiktok_render.py  
[2026-01-25 09:56:34] staging.ERROR: TikTok scraper not found: E:\Egyetem\Pannon Egyetem dolgok\Pen_app_backend\scrape_tiktok_render.py  
[2026-01-25 09:56:35] staging.ERROR: TikTok scraper not found: E:\Egyetem\Pannon Egyetem dolgok\Pen_app_backend\scrape_tiktok_render.py  
[2026-01-25 09:56:36] staging.ERROR: TikTok scraper not found: E:\Egyetem\Pannon Egyetem dolgok\Pen_app_backend\scrape_tiktok_render.py  
[2026-01-25 09:56:36] staging.ERROR: TikTok scraper not found: E:\Egyetem\Pannon Egyetem dolgok\Pen_app_backend\scrape_tiktok_render.py  
[2026-01-25 09:56:36] staging.ERROR: TikTok scraper not found: E:\Egyetem\Pannon Egyetem dolgok\Pen_app_backend\scrape_tiktok_render.py  
[2026-01-25 09:56:51] staging.INFO: Python output: 🚀 Render-Optimized Scraper
✅ Found 1 videos in 3.0s
[
  {
    "title": "Csak a Pannon!! 😇 #csakapannon #fyp #pannon  created by Pannon Egyetem with Generator’s original sou",
    "url": "https://www.tiktok.com/@pannonegyetem/video/7598133276884110614",
    "image_url": "https://p19-pu-sign-no.tiktokcdn-eu.com/tos-no1a-p-0037-no/ocA9Y5weGlIWHQWiKpGHqvLfAfNxAApQvyeAgR~tplv-tiktokx-origin.image?dr=10395&x-expires=1769500800&x-signature=aiWJGBeuqOtKkx9Z6c3UE7aJfvE%3D&t=4d5b0474&ps=13740610  
[2026-01-25 09:56:51] staging.INFO: Duplicate skipped: https://www.tiktok.com/@pannonegyetem/video/7598133276884110614  
[2026-01-25 09:58:08] staging.ERROR: Scraper missing: E:\Egyetem\Pannon Egyetem dolgok\Pen_app_backend\scrape_tiktok_render.py  
[2026-01-25 09:58:10] staging.ERROR: Scraper missing: E:\Egyetem\Pannon Egyetem dolgok\Pen_app_backend\scrape_tiktok_render.py  
[2026-01-25 10:00:40] staging.INFO: Python output: 🚀 Render-Optimized Scraper
✅ Found 1 videos in 3.0s
[
  {
    "title": "Csak a Pannon!! 😇 #csakapannon #fyp #pannon  created by Pannon Egyetem with Generator’s original sou",
    "url": "https://www.tiktok.com/@pannonegyetem/video/7598133276884110614",
    "image_url": "https://p19-pu-sign-no.tiktokcdn-eu.com/tos-no1a-p-0037-no/ocA9Y5weGlIWHQWiKpGHqvLfAfNxAApQvyeAgR~tplv-tiktokx-origin.image?dr=10395&x-expires=1769504400&x-signature=E3Ws5KbBpm9nN3Sgseci38meQvo%3D&t=4d5b0474&ps=13740610  
[2026-01-25 10:00:40] staging.INFO: Duplicate skipped: https://www.tiktok.com/@pannonegyetem/video/7598133276884110614  
