[2026-01-08 23:06:54] staging.ERROR: SQLSTATE[HY000] [2002] No connection could be made because the target machine actively refused it (Connection: mysql, SQL: select * from `sessions` where `id` = qXYvjWwuzOBt4sLvCBNQYDRLre3rHzBzJtDOvmoH limit 1) {"exception":"[object] (Illuminate\\Database\\QueryException(code: 2002): SQLSTATE[HY000] [2002] No connection could be made because the target machine actively refused it (Connection: mysql, SQL: select * from `sessions` where `id` = qXYvjWwuzOBt4sLvCBNQYDRLre3rHzBzJtDOvmoH limit 1) at E:/Egyetem/Pannon Egyetem dolgok/Pen_app_backend/vendor/laravel/framework/src/Illuminate/Database/Connection.php:825)
[stacktrace]
#0 E:/Egyetem/Pannon Egyetem dolgok/Pen_app_backend/vendor/laravel/framework/src/Illuminate/Database/Connection.php(979): Illuminate/Database/Connection->runQueryCallback('select * from `...', Array, Object(Closure))
#1 E:/Egyetem/Pannon Egyetem dolgok/Pen_app_backend/vendor/laravel/framework/src/Illuminate/Database/Connection.php(958): Illuminate/Database/Connection->tryAgainIfCausedByLostConnection(Object(Illuminate/Database/QueryException), 'select * from `...', Array, Object(Closure))
#2 E:/Egyetem/Pannon Egyetem dolgok/Pen_app_backend/vendor/laravel/framework/src/Illuminate/Database/Connection.php(781): Illuminate/Database/Connection->handleQueryException(Object(Illuminate/Database/QueryException), 'select * from `...', Array, Object(Closure))
#3 E:/Egyetem/Pannon Egyetem dolgok/Pen_app_backend/vendor/laravel/framework/src/Illuminate/Database/Connection.php(398): Illuminate/Database/Connection->run('select * from `...', Array, Object(Closure))
#4 E:/Egyetem/Pannon Egyetem dolgok/Pen_app_backend/vendor/laravel/framework/src/Illuminate/Database/Query/Builder.php(3106): Illuminate/Database/Connection->select('select * from `...', Array, false)
#5 E:/Egyetem/Pannon Egyetem dolgok/Pen_app_backend/vendor/laravel/framework/src/Illuminate/Database/Query/Builder.php(3091): Illuminate/Database/Query/Builder->runSelect()
#6 E:/Egyetem/Pannon Egyetem dolgok/Pen_app_backend/vendor/laravel/framework/src/Illuminate/Database/Query/Builder.php(3676): Illuminate/Database/Query/Builder->Illuminate/Database/Query/{closure}()
#7 E:/Egyetem/Pannon Egyetem dolgok/Pen_app_backend/vendor/laravel/framework/src/Illuminate/Database/Query/Builder.php(3090): Illuminate/Database/Query/Builder->onceWithColumns(Array, Object(Closure))
#8 E:/Egyetem/Pannon Egyetem dolgok/Pen_app_backend/vendor/laravel/framework/src/Illuminate/Database/Concerns/BuildsQueries.php(343): Illuminate/Database/Query/Builder->get(Array)
#9 E:/Egyetem/Pannon Egyetem dolgok/Pen_app_backend/vendor/laravel/framework/src/Illuminate/Database/Query/Builder.php(3013): Illuminate/Database/Query/Builder->first(Array)
#10 E:/Egyetem/Pannon Egyetem dolgok/Pen_app_backend/vendor/laravel/framework/src/Illuminate/Session/DatabaseSessionHandler.php(97): Illuminate/Database/Query/Builder->find('qXYvjWwuzOBt4sL...')
#11 E:/Egyetem/Pannon Egyetem dolgok/Pen_app_backend/vendor/laravel/framework/src/Illuminate/Session/Store.php(117): Illuminate/Session/DatabaseSessionHandler->read('qXYvjWwuzOBt4sL...')
#12 E:/Egyetem/Pannon Egyetem dolgok/Pen_app_backend/vendor/laravel/framework/src/Illuminate/Session/Store.php(105): Illuminate/Session/Store->readFromHandler()
#13 E:/Egyetem/Pannon Egyetem dolgok/Pen_app_backend/vendor/laravel/framework/src/Illuminate/Session/Store.php(89): Illuminate/Session/Store->loadSession()
#14 E:/Egyetem/Pannon Egyetem dolgok/Pen_app_backend/vendor/laravel/framework/src/Illuminate/Session/Middleware/StartSession.php(147): Illuminate/Session/Store->start()
#15 E:/Egyetem/Pannon Egyetem dolgok/Pen_app_backend/vendor/laravel/framework/src/Illuminate/Support/helpers.php(399): Illuminate/Session/Middleware/StartSession->Illuminate/Session/Middleware/{closure}(Object(Illuminate/Session/Store))
#16 E:/Egyetem/Pannon Egyetem dolgok/Pen_app_backend/vendor/laravel/framework/src/Illuminate/Session/Middleware/StartSession.php(144): tap(Object(Illuminate/Session/Store), Object(Closure))
#17 E:/Egyetem/Pannon Egyetem dolgok/Pen_app_backend/vendor/laravel/framework/src/Illuminate/Session/Middleware/StartSession.php(116): Illuminate/Session/Middleware/StartSession->startSession(Object(Illuminate/Http/Request), Object(Illuminate/Session/Store))
#18 E:/Egyetem/Pannon Egyetem dolgok/Pen_app_backend/vendor/laravel/framework/src/Illuminate/Session/Middleware/StartSession.php(64): Illuminate/Session/Middleware/StartSession->handleStatefulRequest(Object(Illuminate/Http/Request), Object(Illuminate/Session/Store), Object(Closure))
#19 E:/Egyetem/Pannon Egyetem dolgok/Pen_app_backend/vendor/laravel/framework/src/Illuminate/Pipeline/Pipeline.php(209): Illuminate/Session/Middleware/StartSession->handle(Object(Illuminate/Http/Request), Object(Closure))
#20 E:/Egyetem/Pannon Egyetem dolgok/Pen_app_backend/vendor/laravel/framework/src/Illuminate/Cookie/Middleware/AddQueuedCookiesToResponse.php(37): Illuminate/Pipeline/Pipeline->Illuminate/Pipeline/{closure}(Object(Illuminate/Http/Request))
#21 E:/Egyetem/Pannon Egyetem dolgok/Pen_app_backend/vendor/laravel/framework/src/Illuminate/Pipeline/Pipeline.php(209): Illuminate/Cookie/Middleware/AddQueuedCookiesToResponse->handle(Object(Illuminate/Http/Request), Object(Closure))
#22 E:/Egyetem/Pannon Egyetem dolgok/Pen_app_backend/vendor/laravel/framework/src/Illuminate/Cookie/Middleware/EncryptCookies.php(75): Illuminate/Pipeline/Pipeline->Illuminate/Pipeline/{closure}(Object(Illuminate/Http/Request))
#23 E:/Egyetem/Pannon Egyetem dolgok/Pen_app_backend/vendor/laravel/framework/src/Illuminate/Pipeline/Pipeline.php(209): Illuminate/Cookie/Middleware/EncryptCookies->handle(Object(Illuminate/Http/Request), Object(Closure))
#24 E:/Egyetem/Pannon Egyetem dolgok/Pen_app_backend/vendor/laravel/framework/src/Illuminate/Pipeline/Pipeline.php(127): Illuminate/Pipeline/Pipeline->Illuminate/Pipeline/{closure}(Object(Illuminate/Http/Request))
#25 E:/Egyetem/Pannon Egyetem dolgok/Pen_app_backend/vendor/laravel/framework/src/Illuminate/Routing/Router.php(807): Illuminate/Pipeline/Pipeline->then(Object(Closure))
#26 E:/Egyetem/Pannon Egyetem dolgok/Pen_app_backend/vendor/laravel/framework/src/Illuminate/Routing/Router.php(786): Illuminate/Routing/Router->runRouteWithinStack(Object(Illuminate/Routing/Route), Object(Illuminate/Http/Request))
#27 E:/Egyetem/Pannon Egyetem dolgok/Pen_app_backend/vendor/laravel/framework/src/Illuminate/Routing/Router.php(750): Illuminate/Routing/Router->runRoute(Object(Illuminate/Http/Request), Object(Illuminate/Routing/Route))
#28 E:/Egyetem/Pannon Egyetem dolgok/Pen_app_backend/vendor/laravel/framework/src/Illuminate/Routing/Router.php(739): Illuminate/Routing/Router->dispatchToRoute(Object(Illuminate/Http/Request))
#29 E:/Egyetem/Pannon Egyetem dolgok/Pen_app_backend/vendor/laravel/framework/src/Illuminate/Foundation/Http/Kernel.php(201): Illuminate/Routing/Router->dispatch(Object(Illuminate/Http/Request))
#30 E:/Egyetem/Pannon Egyetem dolgok/Pen_app_backend/vendor/laravel/framework/src/Illuminate/Pipeline/Pipeline.php(170): Illuminate/Foundation/Http/Kernel->Illuminate/Foundation/Http/{closure}(Object(Illuminate/Http/Request))
#31 E:/Egyetem/Pannon Egyetem dolgok/Pen_app_backend/vendor/laravel/framework/src/Illuminate/Http/Middleware/TrustProxies.php(58): Illuminate/Pipeline/Pipeline->Illuminate/Pipeline/{closure}(Object(Illuminate/Http/Request))
#32 E:/Egyetem/Pannon Egyetem dolgok/Pen_app_backend/vendor/laravel/framework/src/Illuminate/Pipeline/Pipeline.php(209): Illuminate/Http/Middleware/TrustProxies->handle(Object(Illuminate/Http/Request), Object(Closure))
#33 E:/Egyetem/Pannon Egyetem dolgok/Pen_app_backend/vendor/laravel/framework/src/Illuminate/Foundation/Http/Middleware/TransformsRequest.php(21): Illuminate/Pipeline/Pipeline->Illuminate/Pipeline/{closure}(Object(Illuminate/Http/Request))
#34 E:/Egyetem/Pannon Egyetem dolgok/Pen_app_backend/vendor/laravel/framework/src/Illuminate/Foundation/Http/Middleware/ConvertEmptyStringsToNull.php(31): Illuminate/Foundation/Http/Middleware/TransformsRequest->handle(Object(Illuminate/Http/Request), Object(Closure))
#35 E:/Egyetem/Pannon Egyetem dolgok/Pen_app_backend/vendor/laravel/framework/src/Illuminate/Pipeline/Pipeline.php(209): Illuminate/Foundation/Http/Middleware/ConvertEmptyStringsToNull->handle(Object(Illuminate/Http/Request), Object(Closure))
#36 E:/Egyetem/Pannon Egyetem dolgok/Pen_app_backend/vendor/laravel/framework/src/Illuminate/Foundation/Http/Middleware/TransformsRequest.php(21): Illuminate/Pipeline/Pipeline->Illuminate/Pipeline/{closure}(Object(Illuminate/Http/Request))
#37 E:/Egyetem/Pannon Egyetem dolgok/Pen_app_backend/vendor/laravel/framework/src/Illuminate/Foundation/Http/Middleware/TrimStrings.php(51): Illuminate/Foundation/Http/Middleware/TransformsRequest->handle(Object(Illuminate/Http/Request), Object(Closure))
#38 E:/Egyetem/Pannon Egyetem dolgok/Pen_app_backend/vendor/laravel/framework/src/Illuminate/Pipeline/Pipeline.php(209): Illuminate/Foundation/Http/Middleware/TrimStrings->handle(Object(Illuminate/Http/Request), Object(Closure))
#39 E:/Egyetem/Pannon Egyetem dolgok/Pen_app_backend/vendor/laravel/framework/src/Illuminate/Http/Middleware/ValidatePostSize.php(27): Illuminate/Pipeline/Pipeline->Illuminate/Pipeline/{closure}(Object(Illuminate/Http/Request))
#40 E:/Egyetem/Pannon Egyetem dolgok/Pen_app_backend/vendor/laravel/framework/src/Illuminate/Pipeline/Pipeline.php(209): Illuminate/Http/Middleware/ValidatePostSize->handle(Object(Illuminate/Http/Request), Object(Closure))
#41 E:/Egyetem/Pannon Egyetem dolgok/Pen_app_backend/vendor/laravel/framework/src/Illuminate/Foundation/Http/Middleware/PreventRequestsDuringMaintenance.php(110): Illuminate/Pipeline/Pipeline->Illuminate/Pipeline/{closure}(Object(Illuminate/Http/Request))
#42 E:/Egyetem/Pannon Egyetem dolgok/Pen_app_backend/vendor/laravel/framework/src/Illuminate/Pipeline/Pipeline.php(209): Illuminate/Foundation/Http/Middleware/PreventRequestsDuringMaintenance->handle(Object(Illuminate/Http/Request), Object(Closure))
#43 E:/Egyetem/Pannon Egyetem dolgok/Pen_app_backend/vendor/laravel/framework/src/Illuminate/Pipeline/Pipeline.php(127): Illuminate/Pipeline/Pipeline->Illuminate/Pipeline/{closure}(Object(Illuminate/Http/Request))
#44 E:/Egyetem/Pannon Egyetem dolgok/Pen_app_backend/vendor/laravel/framework/src/Illuminate/Foundation/Http/Kernel.php(176): Illuminate/Pipeline/Pipeline->then(Object(Closure))
#45 E:/Egyetem/Pannon Egyetem dolgok/Pen_app_backend/vendor/laravel/framework/src/Illuminate/Foundation/Http/Kernel.php(145): Illuminate/Foundation/Http/Kernel->sendRequestThroughRouter(Object(Illuminate/Http/Request))
#46 E:/Egyetem/Pannon Egyetem dolgok/Pen_app_backend/public/index.php(54): Illuminate/Foundation/Http/Kernel->handle(Object(Illuminate/Http/Request))
#47 E:/Egyetem/Pannon Egyetem dolgok/Pen_app_backend/server.php(21): require_once('E://Egyetem//Pann...')
#48 {main}

[previous exception] [object] (PDOException(code: 2002): SQLSTATE[HY000] [2002] No connection could be made because the target machine actively refused it at E:/Egyetem/Pannon Egyetem dolgok/Pen_app_backend/vendor/laravel/framework/src/Illuminate/Database/Connectors/Connector.php:66)
[stacktrace]
#0 E:/Egyetem/Pannon Egyetem dolgok/Pen_app_backend/vendor/laravel/framework/src/Illuminate/Database/Connectors/Connector.php(66): PDO->__construct('mysql:host=127....', 'root', Object(SensitiveParameterValue), Array)
#1 E:/Egyetem/Pannon Egyetem dolgok/Pen_app_backend/vendor/laravel/framework/src/Illuminate/Database/Connectors/Connector.php(85): Illuminate/Database/Connectors/Connector->createPdoConnection('mysql:host=127....', 'root', Object(SensitiveParameterValue), Array)
#2 E:/Egyetem/Pannon Egyetem dolgok/Pen_app_backend/vendor/laravel/framework/src/Illuminate/Database/Connectors/Connector.php(48): Illuminate/Database/Connectors/Connector->tryAgainIfCausedByLostConnection(Object(PDOException), 'mysql:host=127....', 'root', Object(SensitiveParameterValue), Array)
#3 E:/Egyetem/Pannon Egyetem dolgok/Pen_app_backend/vendor/laravel/framework/src/Illuminate/Database/Connectors/MySqlConnector.php(24): Illuminate/Database/Connectors/Connector->createConnection('mysql:host=127....', Array, Array)
#4 E:/Egyetem/Pannon Egyetem dolgok/Pen_app_backend/vendor/laravel/framework/src/Illuminate/Database/Connectors/ConnectionFactory.php(185): Illuminate/Database/Connectors/MySqlConnector->connect(Array)
#5 [internal function]: Illuminate/Database/Connectors/ConnectionFactory->Illuminate/Database/Connectors/{closure}()
#6 E:/Egyetem/Pannon Egyetem dolgok/Pen_app_backend/vendor/laravel/framework/src/Illuminate/Database/Connection.php(1231): call_user_func(Object(Closure))
#7 E:/Egyetem/Pannon Egyetem dolgok/Pen_app_backend/vendor/laravel/framework/src/Illuminate/Database/Connection.php(512): Illuminate/Database/Connection->getPdo()
#8 E:/Egyetem/Pannon Egyetem dolgok/Pen_app_backend/vendor/laravel/framework/src/Illuminate/Database/Connection.php(407): Illuminate/Database/Connection->getPdoForSelect(false)
#9 E:/Egyetem/Pannon Egyetem dolgok/Pen_app_backend/vendor/laravel/framework/src/Illuminate/Database/Connection.php(812): Illuminate/Database/Connection->Illuminate/Database/{closure}('select * from `...', Array)
#10 E:/Egyetem/Pannon Egyetem dolgok/Pen_app_backend/vendor/laravel/framework/src/Illuminate/Database/Connection.php(979): Illuminate/Database/Connection->runQueryCallback('select * from `...', Array, Object(Closure))
#11 E:/Egyetem/Pannon Egyetem dolgok/Pen_app_backend/vendor/laravel/framework/src/Illuminate/Database/Connection.php(958): Illuminate/Database/Connection->tryAgainIfCausedByLostConnection(Object(Illuminate/Database/QueryException), 'select * from `...', Array, Object(Closure))
#12 E:/Egyetem/Pannon Egyetem dolgok/Pen_app_backend/vendor/laravel/framework/src/Illuminate/Database/Connection.php(781): Illuminate/Database/Connection->handleQueryException(Object(Illuminate/Database/QueryException), 'select * from `...', Array, Object(Closure))
#13 E:/Egyetem/Pannon Egyetem dolgok/Pen_app_backend/vendor/laravel/framework/src/Illuminate/Database/Connection.php(398): Illuminate/Database/Connection->run('select * from `...', Array, Object(Closure))
#14 E:/Egyetem/Pannon Egyetem dolgok/Pen_app_backend/vendor/laravel/framework/src/Illuminate/Database/Query/Builder.php(3106): Illuminate/Database/Connection->select('select * from `...', Array, false)
#15 E:/Egyetem/Pannon Egyetem dolgok/Pen_app_backend/vendor/laravel/framework/src/Illuminate/Database/Query/Builder.php(3091): Illuminate/Database/Query/Builder->runSelect()
#16 E:/Egyetem/Pannon Egyetem dolgok/Pen_app_backend/vendor/laravel/framework/src/Illuminate/Database/Query/Builder.php(3676): Illuminate/Database/Query/Builder->Illuminate/Database/Query/{closure}()
#17 E:/Egyetem/Pannon Egyetem dolgok/Pen_app_backend/vendor/laravel/framework/src/Illuminate/Database/Query/Builder.php(3090): Illuminate/Database/Query/Builder->onceWithColumns(Array, Object(Closure))
#18 E:/Egyetem/Pannon Egyetem dolgok/Pen_app_backend/vendor/laravel/framework/src/Illuminate/Database/Concerns/BuildsQueries.php(343): Illuminate/Database/Query/Builder->get(Array)
#19 E:/Egyetem/Pannon Egyetem dolgok/Pen_app_backend/vendor/laravel/framework/src/Illuminate/Database/Query/Builder.php(3013): Illuminate/Database/Query/Builder->first(Array)
#20 E:/Egyetem/Pannon Egyetem dolgok/Pen_app_backend/vendor/laravel/framework/src/Illuminate/Session/DatabaseSessionHandler.php(97): Illuminate/Database/Query/Builder->find('qXYvjWwuzOBt4sL...')
#21 E:/Egyetem/Pannon Egyetem dolgok/Pen_app_backend/vendor/laravel/framework/src/Illuminate/Session/Store.php(117): Illuminate/Session/DatabaseSessionHandler->read('qXYvjWwuzOBt4sL...')
#22 E:/Egyetem/Pannon Egyetem dolgok/Pen_app_backend/vendor/laravel/framework/src/Illuminate/Session/Store.php(105): Illuminate/Session/Store->readFromHandler()
#23 E:/Egyetem/Pannon Egyetem dolgok/Pen_app_backend/vendor/laravel/framework/src/Illuminate/Session/Store.php(89): Illuminate/Session/Store->loadSession()
#24 E:/Egyetem/Pannon Egyetem dolgok/Pen_app_backend/vendor/laravel/framework/src/Illuminate/Session/Middleware/StartSession.php(147): Illuminate/Session/Store->start()
#25 E:/Egyetem/Pannon Egyetem dolgok/Pen_app_backend/vendor/laravel/framework/src/Illuminate/Support/helpers.php(399): Illuminate/Session/Middleware/StartSession->Illuminate/Session/Middleware/{closure}(Object(Illuminate/Session/Store))
#26 E:/Egyetem/Pannon Egyetem dolgok/Pen_app_backend/vendor/laravel/framework/src/Illuminate/Session/Middleware/StartSession.php(144): tap(Object(Illuminate/Session/Store), Object(Closure))
#27 E:/Egyetem/Pannon Egyetem dolgok/Pen_app_backend/vendor/laravel/framework/src/Illuminate/Session/Middleware/StartSession.php(116): Illuminate/Session/Middleware/StartSession->startSession(Object(Illuminate/Http/Request), Object(Illuminate/Session/Store))
#28 E:/Egyetem/Pannon Egyetem dolgok/Pen_app_backend/vendor/laravel/framework/src/Illuminate/Session/Middleware/StartSession.php(64): Illuminate/Session/Middleware/StartSession->handleStatefulRequest(Object(Illuminate/Http/Request), Object(Illuminate/Session/Store), Object(Closure))
#29 E:/Egyetem/Pannon Egyetem dolgok/Pen_app_backend/vendor/laravel/framework/src/Illuminate/Pipeline/Pipeline.php(209): Illuminate/Session/Middleware/StartSession->handle(Object(Illuminate/Http/Request), Object(Closure))
#30 E:/Egyetem/Pannon Egyetem dolgok/Pen_app_backend/vendor/laravel/framework/src/Illuminate/Cookie/Middleware/AddQueuedCookiesToResponse.php(37): Illuminate/Pipeline/Pipeline->Illuminate/Pipeline/{closure}(Object(Illuminate/Http/Request))
#31 E:/Egyetem/Pannon Egyetem dolgok/Pen_app_backend/vendor/laravel/framework/src/Illuminate/Pipeline/Pipeline.php(209): Illuminate/Cookie/Middleware/AddQueuedCookiesToResponse->handle(Object(Illuminate/Http/Request), Object(Closure))
#32 E:/Egyetem/Pannon Egyetem dolgok/Pen_app_backend/vendor/laravel/framework/src/Illuminate/Cookie/Middleware/EncryptCookies.php(75): Illuminate/Pipeline/Pipeline->Illuminate/Pipeline/{closure}(Object(Illuminate/Http/Request))
#33 E:/Egyetem/Pannon Egyetem dolgok/Pen_app_backend/vendor/laravel/framework/src/Illuminate/Pipeline/Pipeline.php(209): Illuminate/Cookie/Middleware/EncryptCookies->handle(Object(Illuminate/Http/Request), Object(Closure))
#34 E:/Egyetem/Pannon Egyetem dolgok/Pen_app_backend/vendor/laravel/framework/src/Illuminate/Pipeline/Pipeline.php(127): Illuminate/Pipeline/Pipeline->Illuminate/Pipeline/{closure}(Object(Illuminate/Http/Request))
#35 E:/Egyetem/Pannon Egyetem dolgok/Pen_app_backend/vendor/laravel/framework/src/Illuminate/Routing/Router.php(807): Illuminate/Pipeline/Pipeline->then(Object(Closure))
#36 E:/Egyetem/Pannon Egyetem dolgok/Pen_app_backend/vendor/laravel/framework/src/Illuminate/Routing/Router.php(786): Illuminate/Routing/Router->runRouteWithinStack(Object(Illuminate/Routing/Route), Object(Illuminate/Http/Request))
#37 E:/Egyetem/Pannon Egyetem dolgok/Pen_app_backend/vendor/laravel/framework/src/Illuminate/Routing/Router.php(750): Illuminate/Routing/Router->runRoute(Object(Illuminate/Http/Request), Object(Illuminate/Routing/Route))
#38 E:/Egyetem/Pannon Egyetem dolgok/Pen_app_backend/vendor/laravel/framework/src/Illuminate/Routing/Router.php(739): Illuminate/Routing/Router->dispatchToRoute(Object(Illuminate/Http/Request))
#39 E:/Egyetem/Pannon Egyetem dolgok/Pen_app_backend/vendor/laravel/framework/src/Illuminate/Foundation/Http/Kernel.php(201): Illuminate/Routing/Router->dispatch(Object(Illuminate/Http/Request))
#40 E:/Egyetem/Pannon Egyetem dolgok/Pen_app_backend/vendor/laravel/framework/src/Illuminate/Pipeline/Pipeline.php(170): Illuminate/Foundation/Http/Kernel->Illuminate/Foundation/Http/{closure}(Object(Illuminate/Http/Request))
#41 E:/Egyetem/Pannon Egyetem dolgok/Pen_app_backend/vendor/laravel/framework/src/Illuminate/Http/Middleware/TrustProxies.php(58): Illuminate/Pipeline/Pipeline->Illuminate/Pipeline/{closure}(Object(Illuminate/Http/Request))
#42 E:/Egyetem/Pannon Egyetem dolgok/Pen_app_backend/vendor/laravel/framework/src/Illuminate/Pipeline/Pipeline.php(209): Illuminate/Http/Middleware/TrustProxies->handle(Object(Illuminate/Http/Request), Object(Closure))
#43 E:/Egyetem/Pannon Egyetem dolgok/Pen_app_backend/vendor/laravel/framework/src/Illuminate/Foundation/Http/Middleware/TransformsRequest.php(21): Illuminate/Pipeline/Pipeline->Illuminate/Pipeline/{closure}(Object(Illuminate/Http/Request))
#44 E:/Egyetem/Pannon Egyetem dolgok/Pen_app_backend/vendor/laravel/framework/src/Illuminate/Foundation/Http/Middleware/ConvertEmptyStringsToNull.php(31): Illuminate/Foundation/Http/Middleware/TransformsRequest->handle(Object(Illuminate/Http/Request), Object(Closure))
#45 E:/Egyetem/Pannon Egyetem dolgok/Pen_app_backend/vendor/laravel/framework/src/Illuminate/Pipeline/Pipeline.php(209): Illuminate/Foundation/Http/Middleware/ConvertEmptyStringsToNull->handle(Object(Illuminate/Http/Request), Object(Closure))
#46 E:/Egyetem/Pannon Egyetem dolgok/Pen_app_backend/vendor/laravel/framework/src/Illuminate/Foundation/Http/Middleware/TransformsRequest.php(21): Illuminate/Pipeline/Pipeline->Illuminate/Pipeline/{closure}(Object(Illuminate/Http/Request))
#47 E:/Egyetem/Pannon Egyetem dolgok/Pen_app_backend/vendor/laravel/framework/src/Illuminate/Foundation/Http/Middleware/TrimStrings.php(51): Illuminate/Foundation/Http/Middleware/TransformsRequest->handle(Object(Illuminate/Http/Request), Object(Closure))
#48 E:/Egyetem/Pannon Egyetem dolgok/Pen_app_backend/vendor/laravel/framework/src/Illuminate/Pipeline/Pipeline.php(209): Illuminate/Foundation/Http/Middleware/TrimStrings->handle(Object(Illuminate/Http/Request), Object(Closure))
#49 E:/Egyetem/Pannon Egyetem dolgok/Pen_app_backend/vendor/laravel/framework/src/Illuminate/Http/Middleware/ValidatePostSize.php(27): Illuminate/Pipeline/Pipeline->Illuminate/Pipeline/{closure}(Object(Illuminate/Http/Request))
#50 E:/Egyetem/Pannon Egyetem dolgok/Pen_app_backend/vendor/laravel/framework/src/Illuminate/Pipeline/Pipeline.php(209): Illuminate/Http/Middleware/ValidatePostSize->handle(Object(Illuminate/Http/Request), Object(Closure))
#51 E:/Egyetem/Pannon Egyetem dolgok/Pen_app_backend/vendor/laravel/framework/src/Illuminate/Foundation/Http/Middleware/PreventRequestsDuringMaintenance.php(110): Illuminate/Pipeline/Pipeline->Illuminate/Pipeline/{closure}(Object(Illuminate/Http/Request))
#52 E:/Egyetem/Pannon Egyetem dolgok/Pen_app_backend/vendor/laravel/framework/src/Illuminate/Pipeline/Pipeline.php(209): Illuminate/Foundation/Http/Middleware/PreventRequestsDuringMaintenance->handle(Object(Illuminate/Http/Request), Object(Closure))
#53 E:/Egyetem/Pannon Egyetem dolgok/Pen_app_backend/vendor/laravel/framework/src/Illuminate/Pipeline/Pipeline.php(127): Illuminate/Pipeline/Pipeline->Illuminate/Pipeline/{closure}(Object(Illuminate/Http/Request))
#54 E:/Egyetem/Pannon Egyetem dolgok/Pen_app_backend/vendor/laravel/framework/src/Illuminate/Foundation/Http/Kernel.php(176): Illuminate/Pipeline/Pipeline->then(Object(Closure))
#55 E:/Egyetem/Pannon Egyetem dolgok/Pen_app_backend/vendor/laravel/framework/src/Illuminate/Foundation/Http/Kernel.php(145): Illuminate/Foundation/Http/Kernel->sendRequestThroughRouter(Object(Illuminate/Http/Request))
#56 E:/Egyetem/Pannon Egyetem dolgok/Pen_app_backend/public/index.php(54): Illuminate/Foundation/Http/Kernel->handle(Object(Illuminate/Http/Request))
#57 E:/Egyetem/Pannon Egyetem dolgok/Pen_app_backend/server.php(21): require_once('E://Egyetem//Pann...')
#58 {main}
"} 
[2026-01-08 23:07:16] staging.ERROR: Facebook crawl failed: The command "/usr/bin/node "E:\Egyetem\Pannon Egyetem dolgok\Pen_app_backend\vendor\spatie\browsershot\src/../bin/browser.cjs" "{""url"":""https:\/\/www.facebook.com\/pannon.nagykanizsa\/?locale=hu_HU"",""action"":""content"",""options"":{""args"":[],""viewport"":{""width"":1920,""height"":1080},""userAgent"":""Mozilla\/5.0 (Windows NT 10.0; Win64; x64) AppleWebKit\/537.36 (KHTML, like Gecko) Chrome\/120.0.0.0 Safari\/537.36"",""waitUntil"":""networkidle0"",""timeout"":60000000}}"" failed.

Exit Code: 1(General error)

Working directory: E:\Egyetem\Pannon Egyetem dolgok\Pen_app_backend\public

Output:
================


Error Output:
================
The system cannot find the path specified.
  
[2026-01-08 23:09:10] staging.INFO: Starting Facebook crawl for: https://www.facebook.com/pannon.nagykanizsa/?locale=hu_HU  
[2026-01-08 23:09:11] staging.ERROR: Facebook crawl error: The command "/usr/bin/node "E:\Egyetem\Pannon Egyetem dolgok\Pen_app_backend\vendor\spatie\browsershot\src/../bin/browser.cjs" "{""url"":""https:\/\/www.facebook.com\/pannon.nagykanizsa\/?locale=hu_HU"",""action"":""content"",""options"":{""args"":[""--no-sandbox"",""--disable-setuid-sandbox"",""--disable-blink-features=AutomationControlled"",""--disable-dev-shm-usage"",""--disable-gpu"",""---disable-web-security"",""--disable-features=VizDisplayCompositor""],""viewport"":{""width"":1920,""height"":1080},""userAgent"":""Mozilla\/5.0 (Windows NT 10.0; Win64; x64) AppleWebKit\/537.36 (KHTML, like Gecko) Chrome\/121.0.0.0 Safari\/537.36"",""waitUntil"":""networkidle0"",""timeout"":90000000}}"" failed.

Exit Code: 1(General error)

Working directory: E:\Egyetem\Pannon Egyetem dolgok\Pen_app_backend\public

Output:
================


Error Output:
================
The system cannot find the path specified.
  
[2026-01-08 23:09:12] staging.INFO: Starting Facebook crawl for: https://www.facebook.com/pannon.nagykanizsa/?locale=hu_HU  
[2026-01-08 23:09:12] staging.ERROR: Facebook crawl error: The command "/usr/bin/node "E:\Egyetem\Pannon Egyetem dolgok\Pen_app_backend\vendor\spatie\browsershot\src/../bin/browser.cjs" "{""url"":""https:\/\/www.facebook.com\/pannon.nagykanizsa\/?locale=hu_HU"",""action"":""content"",""options"":{""args"":[""--no-sandbox"",""--disable-setuid-sandbox"",""--disable-blink-features=AutomationControlled"",""--disable-dev-shm-usage"",""--disable-gpu"",""---disable-web-security"",""--disable-features=VizDisplayCompositor""],""viewport"":{""width"":1920,""height"":1080},""userAgent"":""Mozilla\/5.0 (Windows NT 10.0; Win64; x64) AppleWebKit\/537.36 (KHTML, like Gecko) Chrome\/121.0.0.0 Safari\/537.36"",""waitUntil"":""networkidle0"",""timeout"":90000000}}"" failed.

Exit Code: 1(General error)

Working directory: E:\Egyetem\Pannon Egyetem dolgok\Pen_app_backend\public

Output:
================


Error Output:
================
The system cannot find the path specified.
  
[2026-01-08 23:09:12] staging.INFO: Starting Facebook crawl for: https://www.facebook.com/pannon.nagykanizsa/?locale=hu_HU  
[2026-01-08 23:09:13] staging.ERROR: Facebook crawl error: The command "/usr/bin/node "E:\Egyetem\Pannon Egyetem dolgok\Pen_app_backend\vendor\spatie\browsershot\src/../bin/browser.cjs" "{""url"":""https:\/\/www.facebook.com\/pannon.nagykanizsa\/?locale=hu_HU"",""action"":""content"",""options"":{""args"":[""--no-sandbox"",""--disable-setuid-sandbox"",""--disable-blink-features=AutomationControlled"",""--disable-dev-shm-usage"",""--disable-gpu"",""---disable-web-security"",""--disable-features=VizDisplayCompositor""],""viewport"":{""width"":1920,""height"":1080},""userAgent"":""Mozilla\/5.0 (Windows NT 10.0; Win64; x64) AppleWebKit\/537.36 (KHTML, like Gecko) Chrome\/121.0.0.0 Safari\/537.36"",""waitUntil"":""networkidle0"",""timeout"":90000000}}"" failed.

Exit Code: 1(General error)

Working directory: E:\Egyetem\Pannon Egyetem dolgok\Pen_app_backend\public

Output:
================


Error Output:
================
The system cannot find the path specified.
  
[2026-01-08 23:10:14] staging.INFO: Starting Facebook crawl for: https://www.facebook.com/pannon.nagykanizsa/?locale=hu_HU  
[2026-01-08 23:10:14] staging.ERROR: Facebook crawl error: The command "/usr/bin/node "E:\Egyetem\Pannon Egyetem dolgok\Pen_app_backend\vendor\spatie\browsershot\src/../bin/browser.cjs" "{""url"":""https:\/\/www.facebook.com\/pannon.nagykanizsa\/?locale=hu_HU"",""action"":""content"",""options"":{""args"":[""--no-sandbox"",""--disable-setuid-sandbox"",""--disable-blink-features=AutomationControlled"",""--disable-dev-shm-usage"",""--disable-gpu"",""---disable-web-security"",""--disable-features=VizDisplayCompositor""],""viewport"":{""width"":1920,""height"":1080},""userAgent"":""Mozilla\/5.0 (Windows NT 10.0; Win64; x64) AppleWebKit\/537.36 (KHTML, like Gecko) Chrome\/121.0.0.0 Safari\/537.36"",""waitUntil"":""networkidle0"",""timeout"":90000000}}"" failed.

Exit Code: 1(General error)

Working directory: E:\Egyetem\Pannon Egyetem dolgok\Pen_app_backend\public

Output:
================


Error Output:
================
The system cannot find the path specified.
  
[2026-01-08 23:28:45] staging.ERROR: Facebook scraper failed {"error":"'python3' is not recognized as an internal or external command,

operable program or batch file.

"} 
[2026-01-08 23:28:51] staging.ERROR: Facebook scraper failed {"error":"'python3' is not recognized as an internal or external command,

operable program or batch file.

"} 
